ERROR - 2023-12-05 01:56:31 --> Error connecting to the database: mysqli_sql_exception: No se puede establecer una conexión ya que el equipo de destino denegó expresamente dicha conexión in C:\xampp\htdocs\Smark Chemicals\Smark-Chemicals\system\Database\MySQLi\Connection.php:185
Stack trace:
#0 C:\xampp\htdocs\Smark Chemicals\Smark-Chemicals\system\Database\MySQLi\Connection.php(185): mysqli->real_connect('localhost', 'root', '', 'SmarkChemicals', 3306, '', 0)
#1 C:\xampp\htdocs\Smark Chemicals\Smark-Chemicals\system\Database\BaseConnection.php(391): CodeIgniter\Database\MySQLi\Connection->connect(false)
#2 C:\xampp\htdocs\Smark Chemicals\Smark-Chemicals\system\Database\BaseConnection.php(574): CodeIgniter\Database\BaseConnection->initialize()
#3 C:\xampp\htdocs\Smark Chemicals\Smark-Chemicals\system\Database\BaseConnection.php(1409): CodeIgniter\Database\BaseConnection->query('SHOW TABLES FRO...')
#4 C:\xampp\htdocs\Smark Chemicals\Smark-Chemicals\system\Database\BaseConnection.php(1428): CodeIgniter\Database\BaseConnection->listTables()
#5 C:\xampp\htdocs\Smark Chemicals\Smark-Chemicals\system\Database\MigrationRunner.php(768): CodeIgniter\Database\BaseConnection->tableExists('migrations')
#6 C:\xampp\htdocs\Smark Chemicals\Smark-Chemicals\system\Database\MigrationRunner.php(168): CodeIgniter\Database\MigrationRunner->ensureTable()
#7 C:\xampp\htdocs\Smark Chemicals\Smark-Chemicals\system\Commands\Database\Migrate.php(84): CodeIgniter\Database\MigrationRunner->latest(NULL)
#8 C:\xampp\htdocs\Smark Chemicals\Smark-Chemicals\system\CLI\Commands.php(65): CodeIgniter\Commands\Database\Migrate->run(Array)
#9 C:\xampp\htdocs\Smark Chemicals\Smark-Chemicals\system\CLI\Console.php(37): CodeIgniter\CLI\Commands->run('migrate', Array)
#10 C:\xampp\htdocs\Smark Chemicals\Smark-Chemicals\spark(102): CodeIgniter\CLI\Console->run()
#11 {main}

Next CodeIgniter\Database\Exceptions\DatabaseException: No se puede establecer una conexión ya que el equipo de destino denegó expresamente dicha conexión in C:\xampp\htdocs\Smark Chemicals\Smark-Chemicals\system\Database\MySQLi\Connection.php:229
Stack trace:
#0 C:\xampp\htdocs\Smark Chemicals\Smark-Chemicals\system\Database\BaseConnection.php(391): CodeIgniter\Database\MySQLi\Connection->connect(false)
#1 C:\xampp\htdocs\Smark Chemicals\Smark-Chemicals\system\Database\BaseConnection.php(574): CodeIgniter\Database\BaseConnection->initialize()
#2 C:\xampp\htdocs\Smark Chemicals\Smark-Chemicals\system\Database\BaseConnection.php(1409): CodeIgniter\Database\BaseConnection->query('SHOW TABLES FRO...')
#3 C:\xampp\htdocs\Smark Chemicals\Smark-Chemicals\system\Database\BaseConnection.php(1428): CodeIgniter\Database\BaseConnection->listTables()
#4 C:\xampp\htdocs\Smark Chemicals\Smark-Chemicals\system\Database\MigrationRunner.php(768): CodeIgniter\Database\BaseConnection->tableExists('migrations')
#5 C:\xampp\htdocs\Smark Chemicals\Smark-Chemicals\system\Database\MigrationRunner.php(168): CodeIgniter\Database\MigrationRunner->ensureTable()
#6 C:\xampp\htdocs\Smark Chemicals\Smark-Chemicals\system\Commands\Database\Migrate.php(84): CodeIgniter\Database\MigrationRunner->latest(NULL)
#7 C:\xampp\htdocs\Smark Chemicals\Smark-Chemicals\system\CLI\Commands.php(65): CodeIgniter\Commands\Database\Migrate->run(Array)
#8 C:\xampp\htdocs\Smark Chemicals\Smark-Chemicals\system\CLI\Console.php(37): CodeIgniter\CLI\Commands->run('migrate', Array)
#9 C:\xampp\htdocs\Smark Chemicals\Smark-Chemicals\spark(102): CodeIgniter\CLI\Console->run()
#10 {main}
ERROR - 2023-12-05 01:58:02 --> Error connecting to the database: mysqli_sql_exception: No se puede establecer una conexión ya que el equipo de destino denegó expresamente dicha conexión in C:\xampp\htdocs\Smark Chemicals\Smark-Chemicals\system\Database\MySQLi\Connection.php:185
Stack trace:
#0 C:\xampp\htdocs\Smark Chemicals\Smark-Chemicals\system\Database\MySQLi\Connection.php(185): mysqli->real_connect('localhost', 'root', '', 'SmarkChemicals', 3306, '', 0)
#1 C:\xampp\htdocs\Smark Chemicals\Smark-Chemicals\system\Database\BaseConnection.php(391): CodeIgniter\Database\MySQLi\Connection->connect(false)
#2 C:\xampp\htdocs\Smark Chemicals\Smark-Chemicals\system\Database\BaseConnection.php(574): CodeIgniter\Database\BaseConnection->initialize()
#3 C:\xampp\htdocs\Smark Chemicals\Smark-Chemicals\system\Database\BaseConnection.php(1409): CodeIgniter\Database\BaseConnection->query('SHOW TABLES FRO...')
#4 C:\xampp\htdocs\Smark Chemicals\Smark-Chemicals\system\Database\BaseConnection.php(1428): CodeIgniter\Database\BaseConnection->listTables()
#5 C:\xampp\htdocs\Smark Chemicals\Smark-Chemicals\system\Database\MigrationRunner.php(768): CodeIgniter\Database\BaseConnection->tableExists('migrations')
#6 C:\xampp\htdocs\Smark Chemicals\Smark-Chemicals\system\Database\MigrationRunner.php(168): CodeIgniter\Database\MigrationRunner->ensureTable()
#7 C:\xampp\htdocs\Smark Chemicals\Smark-Chemicals\system\Commands\Database\Migrate.php(84): CodeIgniter\Database\MigrationRunner->latest(NULL)
#8 C:\xampp\htdocs\Smark Chemicals\Smark-Chemicals\system\CLI\Commands.php(65): CodeIgniter\Commands\Database\Migrate->run(Array)
#9 C:\xampp\htdocs\Smark Chemicals\Smark-Chemicals\system\CLI\Console.php(37): CodeIgniter\CLI\Commands->run('migrate', Array)
#10 C:\xampp\htdocs\Smark Chemicals\Smark-Chemicals\spark(102): CodeIgniter\CLI\Console->run()
#11 {main}

Next CodeIgniter\Database\Exceptions\DatabaseException: No se puede establecer una conexión ya que el equipo de destino denegó expresamente dicha conexión in C:\xampp\htdocs\Smark Chemicals\Smark-Chemicals\system\Database\MySQLi\Connection.php:229
Stack trace:
#0 C:\xampp\htdocs\Smark Chemicals\Smark-Chemicals\system\Database\BaseConnection.php(391): CodeIgniter\Database\MySQLi\Connection->connect(false)
#1 C:\xampp\htdocs\Smark Chemicals\Smark-Chemicals\system\Database\BaseConnection.php(574): CodeIgniter\Database\BaseConnection->initialize()
#2 C:\xampp\htdocs\Smark Chemicals\Smark-Chemicals\system\Database\BaseConnection.php(1409): CodeIgniter\Database\BaseConnection->query('SHOW TABLES FRO...')
#3 C:\xampp\htdocs\Smark Chemicals\Smark-Chemicals\system\Database\BaseConnection.php(1428): CodeIgniter\Database\BaseConnection->listTables()
#4 C:\xampp\htdocs\Smark Chemicals\Smark-Chemicals\system\Database\MigrationRunner.php(768): CodeIgniter\Database\BaseConnection->tableExists('migrations')
#5 C:\xampp\htdocs\Smark Chemicals\Smark-Chemicals\system\Database\MigrationRunner.php(168): CodeIgniter\Database\MigrationRunner->ensureTable()
#6 C:\xampp\htdocs\Smark Chemicals\Smark-Chemicals\system\Commands\Database\Migrate.php(84): CodeIgniter\Database\MigrationRunner->latest(NULL)
#7 C:\xampp\htdocs\Smark Chemicals\Smark-Chemicals\system\CLI\Commands.php(65): CodeIgniter\Commands\Database\Migrate->run(Array)
#8 C:\xampp\htdocs\Smark Chemicals\Smark-Chemicals\system\CLI\Console.php(37): CodeIgniter\CLI\Commands->run('migrate', Array)
#9 C:\xampp\htdocs\Smark Chemicals\Smark-Chemicals\spark(102): CodeIgniter\CLI\Console->run()
#10 {main}
ERROR - 2023-12-05 02:01:36 --> Error connecting to the database: mysqli_sql_exception: No se puede establecer una conexión ya que el equipo de destino denegó expresamente dicha conexión in C:\xampp\htdocs\Smark Chemicals\Smark-Chemicals\system\Database\MySQLi\Connection.php:185
Stack trace:
#0 C:\xampp\htdocs\Smark Chemicals\Smark-Chemicals\system\Database\MySQLi\Connection.php(185): mysqli->real_connect('localhost', 'root', '', 'SmarkChemicals', 3306, '', 0)
#1 C:\xampp\htdocs\Smark Chemicals\Smark-Chemicals\system\Database\BaseConnection.php(391): CodeIgniter\Database\MySQLi\Connection->connect(false)
#2 C:\xampp\htdocs\Smark Chemicals\Smark-Chemicals\system\Database\BaseConnection.php(574): CodeIgniter\Database\BaseConnection->initialize()
#3 C:\xampp\htdocs\Smark Chemicals\Smark-Chemicals\system\Database\BaseConnection.php(1409): CodeIgniter\Database\BaseConnection->query('SHOW TABLES FRO...')
#4 C:\xampp\htdocs\Smark Chemicals\Smark-Chemicals\system\Database\BaseConnection.php(1428): CodeIgniter\Database\BaseConnection->listTables()
#5 C:\xampp\htdocs\Smark Chemicals\Smark-Chemicals\system\Database\MigrationRunner.php(768): CodeIgniter\Database\BaseConnection->tableExists('migrations')
#6 C:\xampp\htdocs\Smark Chemicals\Smark-Chemicals\system\Database\MigrationRunner.php(168): CodeIgniter\Database\MigrationRunner->ensureTable()
#7 C:\xampp\htdocs\Smark Chemicals\Smark-Chemicals\system\Commands\Database\Migrate.php(84): CodeIgniter\Database\MigrationRunner->latest(NULL)
#8 C:\xampp\htdocs\Smark Chemicals\Smark-Chemicals\system\CLI\Commands.php(65): CodeIgniter\Commands\Database\Migrate->run(Array)
#9 C:\xampp\htdocs\Smark Chemicals\Smark-Chemicals\system\CLI\Console.php(37): CodeIgniter\CLI\Commands->run('migrate', Array)
#10 C:\xampp\htdocs\Smark Chemicals\Smark-Chemicals\spark(102): CodeIgniter\CLI\Console->run()
#11 {main}

Next CodeIgniter\Database\Exceptions\DatabaseException: No se puede establecer una conexión ya que el equipo de destino denegó expresamente dicha conexión in C:\xampp\htdocs\Smark Chemicals\Smark-Chemicals\system\Database\MySQLi\Connection.php:229
Stack trace:
#0 C:\xampp\htdocs\Smark Chemicals\Smark-Chemicals\system\Database\BaseConnection.php(391): CodeIgniter\Database\MySQLi\Connection->connect(false)
#1 C:\xampp\htdocs\Smark Chemicals\Smark-Chemicals\system\Database\BaseConnection.php(574): CodeIgniter\Database\BaseConnection->initialize()
#2 C:\xampp\htdocs\Smark Chemicals\Smark-Chemicals\system\Database\BaseConnection.php(1409): CodeIgniter\Database\BaseConnection->query('SHOW TABLES FRO...')
#3 C:\xampp\htdocs\Smark Chemicals\Smark-Chemicals\system\Database\BaseConnection.php(1428): CodeIgniter\Database\BaseConnection->listTables()
#4 C:\xampp\htdocs\Smark Chemicals\Smark-Chemicals\system\Database\MigrationRunner.php(768): CodeIgniter\Database\BaseConnection->tableExists('migrations')
#5 C:\xampp\htdocs\Smark Chemicals\Smark-Chemicals\system\Database\MigrationRunner.php(168): CodeIgniter\Database\MigrationRunner->ensureTable()
#6 C:\xampp\htdocs\Smark Chemicals\Smark-Chemicals\system\Commands\Database\Migrate.php(84): CodeIgniter\Database\MigrationRunner->latest(NULL)
#7 C:\xampp\htdocs\Smark Chemicals\Smark-Chemicals\system\CLI\Commands.php(65): CodeIgniter\Commands\Database\Migrate->run(Array)
#8 C:\xampp\htdocs\Smark Chemicals\Smark-Chemicals\system\CLI\Console.php(37): CodeIgniter\CLI\Commands->run('migrate', Array)
#9 C:\xampp\htdocs\Smark Chemicals\Smark-Chemicals\spark(102): CodeIgniter\CLI\Console->run()
#10 {main}
INFO - 2023-12-05 03:40:59 --> Session: Class initialized using 'CodeIgniter\Session\Handlers\FileHandler' driver.
INFO - 2023-12-05 03:41:44 --> Session: Class initialized using 'CodeIgniter\Session\Handlers\FileHandler' driver.
CRITICAL - 2023-12-05 03:41:48 --> Cannot use object of type stdClass as array
in APPPATH\Controllers\Home.php on line 35.
 1 SYSTEMPATH\CodeIgniter.php(919): App\Controllers\Home->index()
 2 SYSTEMPATH\CodeIgniter.php(494): CodeIgniter\CodeIgniter->runController(Object(App\Controllers\Home))
 3 SYSTEMPATH\CodeIgniter.php(353): CodeIgniter\CodeIgniter->handleRequest(null, Object(Config\Cache), false)
 4 FCPATH\index.php(79): CodeIgniter\CodeIgniter->run()
INFO - 2023-12-05 03:56:47 --> Session: Class initialized using 'CodeIgniter\Session\Handlers\FileHandler' driver.
CRITICAL - 2023-12-05 03:56:48 --> Cannot use object of type stdClass as array
in APPPATH\Controllers\Home.php on line 37.
 1 SYSTEMPATH\CodeIgniter.php(919): App\Controllers\Home->index()
 2 SYSTEMPATH\CodeIgniter.php(494): CodeIgniter\CodeIgniter->runController(Object(App\Controllers\Home))
 3 SYSTEMPATH\CodeIgniter.php(353): CodeIgniter\CodeIgniter->handleRequest(null, Object(Config\Cache), false)
 4 FCPATH\index.php(79): CodeIgniter\CodeIgniter->run()
INFO - 2023-12-05 03:57:08 --> Session: Class initialized using 'CodeIgniter\Session\Handlers\FileHandler' driver.
CRITICAL - 2023-12-05 03:57:08 --> Undefined array key "nombre"
in APPPATH\Controllers\Home.php on line 37.
 1 APPPATH\Controllers\Home.php(37): CodeIgniter\Debug\Exceptions->errorHandler(2, 'Undefined array key "nombre"', 'C:\\xampp\\htdocs\\Smark Chemicals\\Smark-Chemicals\\app\\Controllers\\Home.php', 37)
 2 SYSTEMPATH\CodeIgniter.php(919): App\Controllers\Home->index()
 3 SYSTEMPATH\CodeIgniter.php(494): CodeIgniter\CodeIgniter->runController(Object(App\Controllers\Home))
 4 SYSTEMPATH\CodeIgniter.php(353): CodeIgniter\CodeIgniter->handleRequest(null, Object(Config\Cache), false)
 5 FCPATH\index.php(79): CodeIgniter\CodeIgniter->run()
INFO - 2023-12-05 03:57:40 --> Session: Class initialized using 'CodeIgniter\Session\Handlers\FileHandler' driver.
CRITICAL - 2023-12-05 03:57:40 --> Undefined array key "José Roberto"
in APPPATH\Controllers\Home.php on line 37.
 1 APPPATH\Controllers\Home.php(37): CodeIgniter\Debug\Exceptions->errorHandler(2, 'Undefined array key "José Roberto"', 'C:\\xampp\\htdocs\\Smark Chemicals\\Smark-Chemicals\\app\\Controllers\\Home.php', 37)
 2 SYSTEMPATH\CodeIgniter.php(919): App\Controllers\Home->index()
 3 SYSTEMPATH\CodeIgniter.php(494): CodeIgniter\CodeIgniter->runController(Object(App\Controllers\Home))
 4 SYSTEMPATH\CodeIgniter.php(353): CodeIgniter\CodeIgniter->handleRequest(null, Object(Config\Cache), false)
 5 FCPATH\index.php(79): CodeIgniter\CodeIgniter->run()
INFO - 2023-12-05 03:59:08 --> Session: Class initialized using 'CodeIgniter\Session\Handlers\FileHandler' driver.
INFO - 2023-12-05 03:59:36 --> Session: Class initialized using 'CodeIgniter\Session\Handlers\FileHandler' driver.
INFO - 2023-12-05 03:59:42 --> Session: Class initialized using 'CodeIgniter\Session\Handlers\FileHandler' driver.
INFO - 2023-12-05 04:01:38 --> Session: Class initialized using 'CodeIgniter\Session\Handlers\FileHandler' driver.
INFO - 2023-12-05 04:01:55 --> Session: Class initialized using 'CodeIgniter\Session\Handlers\FileHandler' driver.
INFO - 2023-12-05 04:02:15 --> Session: Class initialized using 'CodeIgniter\Session\Handlers\FileHandler' driver.
INFO - 2023-12-05 04:03:28 --> Session: Class initialized using 'CodeIgniter\Session\Handlers\FileHandler' driver.
INFO - 2023-12-05 04:03:49 --> Session: Class initialized using 'CodeIgniter\Session\Handlers\FileHandler' driver.
INFO - 2023-12-05 04:04:35 --> Session: Class initialized using 'CodeIgniter\Session\Handlers\FileHandler' driver.
INFO - 2023-12-05 04:06:37 --> Session: Class initialized using 'CodeIgniter\Session\Handlers\FileHandler' driver.
CRITICAL - 2023-12-05 04:06:37 --> Undefined array key "José Roberto"
in APPPATH\Controllers\Home.php on line 39.
 1 APPPATH\Controllers\Home.php(39): CodeIgniter\Debug\Exceptions->errorHandler(2, 'Undefined array key "José Roberto"', 'C:\\xampp\\htdocs\\Smark Chemicals\\Smark-Chemicals\\app\\Controllers\\Home.php', 39)
 2 SYSTEMPATH\CodeIgniter.php(919): App\Controllers\Home->index()
 3 SYSTEMPATH\CodeIgniter.php(494): CodeIgniter\CodeIgniter->runController(Object(App\Controllers\Home))
 4 SYSTEMPATH\CodeIgniter.php(353): CodeIgniter\CodeIgniter->handleRequest(null, Object(Config\Cache), false)
 5 FCPATH\index.php(79): CodeIgniter\CodeIgniter->run()
INFO - 2023-12-05 04:06:52 --> Session: Class initialized using 'CodeIgniter\Session\Handlers\FileHandler' driver.
INFO - 2023-12-05 04:15:04 --> Session: Class initialized using 'CodeIgniter\Session\Handlers\FileHandler' driver.
INFO - 2023-12-05 04:17:12 --> Session: Class initialized using 'CodeIgniter\Session\Handlers\FileHandler' driver.
INFO - 2023-12-05 04:17:24 --> Session: Class initialized using 'CodeIgniter\Session\Handlers\FileHandler' driver.
INFO - 2023-12-05 04:18:42 --> Session: Class initialized using 'CodeIgniter\Session\Handlers\FileHandler' driver.
INFO - 2023-12-05 04:19:04 --> Session: Class initialized using 'CodeIgniter\Session\Handlers\FileHandler' driver.
INFO - 2023-12-05 04:19:43 --> Session: Class initialized using 'CodeIgniter\Session\Handlers\FileHandler' driver.
INFO - 2023-12-05 04:19:57 --> Session: Class initialized using 'CodeIgniter\Session\Handlers\FileHandler' driver.
INFO - 2023-12-05 04:36:26 --> Session: Class initialized using 'CodeIgniter\Session\Handlers\FileHandler' driver.
INFO - 2023-12-05 04:36:27 --> Session: Class initialized using 'CodeIgniter\Session\Handlers\FileHandler' driver.
INFO - 2023-12-05 04:37:40 --> Session: Class initialized using 'CodeIgniter\Session\Handlers\FileHandler' driver.
INFO - 2023-12-05 04:37:53 --> Session: Class initialized using 'CodeIgniter\Session\Handlers\FileHandler' driver.
INFO - 2023-12-05 04:37:56 --> Session: Class initialized using 'CodeIgniter\Session\Handlers\FileHandler' driver.
INFO - 2023-12-05 04:38:00 --> Session: Class initialized using 'CodeIgniter\Session\Handlers\FileHandler' driver.
INFO - 2023-12-05 04:38:24 --> Session: Class initialized using 'CodeIgniter\Session\Handlers\FileHandler' driver.
INFO - 2023-12-05 04:38:29 --> Session: Class initialized using 'CodeIgniter\Session\Handlers\FileHandler' driver.
INFO - 2023-12-05 04:39:49 --> Session: Class initialized using 'CodeIgniter\Session\Handlers\FileHandler' driver.
INFO - 2023-12-05 04:39:52 --> Session: Class initialized using 'CodeIgniter\Session\Handlers\FileHandler' driver.
INFO - 2023-12-05 04:40:40 --> Session: Class initialized using 'CodeIgniter\Session\Handlers\FileHandler' driver.
INFO - 2023-12-05 04:40:43 --> Session: Class initialized using 'CodeIgniter\Session\Handlers\FileHandler' driver.
INFO - 2023-12-05 04:40:47 --> Session: Class initialized using 'CodeIgniter\Session\Handlers\FileHandler' driver.
INFO - 2023-12-05 04:43:10 --> Session: Class initialized using 'CodeIgniter\Session\Handlers\FileHandler' driver.
INFO - 2023-12-05 04:43:24 --> Session: Class initialized using 'CodeIgniter\Session\Handlers\FileHandler' driver.
CRITICAL - 2023-12-05 04:43:24 --> Cannot use object of type stdClass as array
in APPPATH\Controllers\Home.php on line 35.
 1 SYSTEMPATH\CodeIgniter.php(919): App\Controllers\Home->index()
 2 SYSTEMPATH\CodeIgniter.php(494): CodeIgniter\CodeIgniter->runController(Object(App\Controllers\Home))
 3 SYSTEMPATH\CodeIgniter.php(353): CodeIgniter\CodeIgniter->handleRequest(null, Object(Config\Cache), false)
 4 FCPATH\index.php(79): CodeIgniter\CodeIgniter->run()
 5 SYSTEMPATH\Commands\Server\rewrite.php(47): require_once('C:\\xampp\\htdocs\\Smark Chemicals\\Smark-Chemicals\\public\\index.php')
INFO - 2023-12-05 04:44:16 --> Session: Class initialized using 'CodeIgniter\Session\Handlers\FileHandler' driver.
CRITICAL - 2023-12-05 04:44:16 --> Cannot use object of type stdClass as array
in APPPATH\Controllers\Home.php on line 36.
 1 SYSTEMPATH\CodeIgniter.php(919): App\Controllers\Home->index()
 2 SYSTEMPATH\CodeIgniter.php(494): CodeIgniter\CodeIgniter->runController(Object(App\Controllers\Home))
 3 SYSTEMPATH\CodeIgniter.php(353): CodeIgniter\CodeIgniter->handleRequest(null, Object(Config\Cache), false)
 4 FCPATH\index.php(79): CodeIgniter\CodeIgniter->run()
 5 SYSTEMPATH\Commands\Server\rewrite.php(47): require_once('C:\\xampp\\htdocs\\Smark Chemicals\\Smark-Chemicals\\public\\index.php')
INFO - 2023-12-05 04:46:12 --> Session: Class initialized using 'CodeIgniter\Session\Handlers\FileHandler' driver.
INFO - 2023-12-05 04:46:30 --> Session: Class initialized using 'CodeIgniter\Session\Handlers\FileHandler' driver.
INFO - 2023-12-05 04:46:54 --> Session: Class initialized using 'CodeIgniter\Session\Handlers\FileHandler' driver.
CRITICAL - 2023-12-05 04:46:54 --> Undefined variable $productos
in APPPATH\Views\Admin\Menu_Inicio\Inicio.php on line 90.
 1 APPPATH\Views\Admin\Menu_Inicio\Inicio.php(90): CodeIgniter\Debug\Exceptions->errorHandler(2, 'Undefined variable $productos', 'C:\\xampp\\htdocs\\Smark Chemicals\\Smark-Chemicals\\app\\Views\\Admin\\Menu_Inicio\\Inicio.php', 90)
 2 SYSTEMPATH\View\View.php(226): include('C:\\xampp\\htdocs\\Smark Chemicals\\Smark-Chemicals\\app\\Views\\Admin\\Menu_Inicio\\Inicio.php')
 3 SYSTEMPATH\View\View.php(229): CodeIgniter\View\View->CodeIgniter\View\{closure}()
 4 SYSTEMPATH\Common.php(1188): CodeIgniter\View\View->render('Admin/Menu_Inicio/Inicio', [], true)
 5 APPPATH\Controllers\Home.php(47): view('Admin/Menu_Inicio/Inicio')
 6 SYSTEMPATH\CodeIgniter.php(919): App\Controllers\Home->index()
 7 SYSTEMPATH\CodeIgniter.php(494): CodeIgniter\CodeIgniter->runController(Object(App\Controllers\Home))
 8 SYSTEMPATH\CodeIgniter.php(353): CodeIgniter\CodeIgniter->handleRequest(null, Object(Config\Cache), false)
 9 FCPATH\index.php(79): CodeIgniter\CodeIgniter->run()
10 SYSTEMPATH\Commands\Server\rewrite.php(47): require_once('C:\\xampp\\htdocs\\Smark Chemicals\\Smark-Chemicals\\public\\index.php')
INFO - 2023-12-05 04:47:19 --> Session: Class initialized using 'CodeIgniter\Session\Handlers\FileHandler' driver.
INFO - 2023-12-05 04:47:32 --> Session: Class initialized using 'CodeIgniter\Session\Handlers\FileHandler' driver.
INFO - 2023-12-05 04:52:22 --> Session: Class initialized using 'CodeIgniter\Session\Handlers\FileHandler' driver.
INFO - 2023-12-05 04:52:37 --> Session: Class initialized using 'CodeIgniter\Session\Handlers\FileHandler' driver.
CRITICAL - 2023-12-05 04:52:37 --> Cannot use object of type stdClass as array
in APPPATH\Controllers\Home.php on line 35.
 1 SYSTEMPATH\CodeIgniter.php(919): App\Controllers\Home->index()
 2 SYSTEMPATH\CodeIgniter.php(494): CodeIgniter\CodeIgniter->runController(Object(App\Controllers\Home))
 3 SYSTEMPATH\CodeIgniter.php(353): CodeIgniter\CodeIgniter->handleRequest(null, Object(Config\Cache), false)
 4 FCPATH\index.php(79): CodeIgniter\CodeIgniter->run()
 5 SYSTEMPATH\Commands\Server\rewrite.php(47): require_once('C:\\xampp\\htdocs\\Smark Chemicals\\Smark-Chemicals\\public\\index.php')
CRITICAL - 2023-12-05 04:52:54 --> Cannot use object of type stdClass as array
in APPPATH\Controllers\Home.php on line 32.
 1 SYSTEMPATH\CodeIgniter.php(919): App\Controllers\Home->index()
 2 SYSTEMPATH\CodeIgniter.php(494): CodeIgniter\CodeIgniter->runController(Object(App\Controllers\Home))
 3 SYSTEMPATH\CodeIgniter.php(353): CodeIgniter\CodeIgniter->handleRequest(null, Object(Config\Cache), false)
 4 FCPATH\index.php(79): CodeIgniter\CodeIgniter->run()
 5 SYSTEMPATH\Commands\Server\rewrite.php(47): require_once('C:\\xampp\\htdocs\\Smark Chemicals\\Smark-Chemicals\\public\\index.php')
INFO - 2023-12-05 04:54:28 --> Session: Class initialized using 'CodeIgniter\Session\Handlers\FileHandler' driver.
CRITICAL - 2023-12-05 04:54:28 --> Cannot use object of type stdClass as array
in APPPATH\Controllers\Home.php on line 35.
 1 SYSTEMPATH\CodeIgniter.php(919): App\Controllers\Home->index()
 2 SYSTEMPATH\CodeIgniter.php(494): CodeIgniter\CodeIgniter->runController(Object(App\Controllers\Home))
 3 SYSTEMPATH\CodeIgniter.php(353): CodeIgniter\CodeIgniter->handleRequest(null, Object(Config\Cache), false)
 4 FCPATH\index.php(79): CodeIgniter\CodeIgniter->run()
 5 SYSTEMPATH\Commands\Server\rewrite.php(47): require_once('C:\\xampp\\htdocs\\Smark Chemicals\\Smark-Chemicals\\public\\index.php')
INFO - 2023-12-05 04:55:39 --> Session: Class initialized using 'CodeIgniter\Session\Handlers\FileHandler' driver.
CRITICAL - 2023-12-05 04:55:39 --> Illegal offset type
in SYSTEMPATH\Session\Session.php on line 468.
 1 APPPATH\Controllers\Home.php(38): CodeIgniter\Session\Session->set([...])
 2 SYSTEMPATH\CodeIgniter.php(919): App\Controllers\Home->index()
 3 SYSTEMPATH\CodeIgniter.php(494): CodeIgniter\CodeIgniter->runController(Object(App\Controllers\Home))
 4 SYSTEMPATH\CodeIgniter.php(353): CodeIgniter\CodeIgniter->handleRequest(null, Object(Config\Cache), false)
 5 FCPATH\index.php(79): CodeIgniter\CodeIgniter->run()
 6 SYSTEMPATH\Commands\Server\rewrite.php(47): require_once('C:\\xampp\\htdocs\\Smark Chemicals\\Smark-Chemicals\\public\\index.php')
INFO - 2023-12-05 04:56:09 --> Session: Class initialized using 'CodeIgniter\Session\Handlers\FileHandler' driver.
CRITICAL - 2023-12-05 04:56:09 --> Too few arguments to function CodeIgniter\Session\Session::set(), 0 passed in C:\xampp\htdocs\Smark Chemicals\Smark-Chemicals\app\Controllers\Home.php on line 38 and at least 1 expected
in SYSTEMPATH\Session\Session.php on line 463.
 1 APPPATH\Controllers\Home.php(38): CodeIgniter\Session\Session->set()
 2 SYSTEMPATH\CodeIgniter.php(919): App\Controllers\Home->index()
 3 SYSTEMPATH\CodeIgniter.php(494): CodeIgniter\CodeIgniter->runController(Object(App\Controllers\Home))
 4 SYSTEMPATH\CodeIgniter.php(353): CodeIgniter\CodeIgniter->handleRequest(null, Object(Config\Cache), false)
 5 FCPATH\index.php(79): CodeIgniter\CodeIgniter->run()
 6 SYSTEMPATH\Commands\Server\rewrite.php(47): require_once('C:\\xampp\\htdocs\\Smark Chemicals\\Smark-Chemicals\\public\\index.php')
CRITICAL - 2023-12-05 04:59:33 --> Can't use function return value in write context
in APPPATH\Controllers\Home.php on line 35.
 1 [internal function]: CodeIgniter\Debug\Exceptions->shutdownHandler()
CRITICAL - 2023-12-05 04:59:39 --> Can't use function return value in write context
in APPPATH\Controllers\Home.php on line 35.
 1 [internal function]: CodeIgniter\Debug\Exceptions->shutdownHandler()
INFO - 2023-12-05 05:05:44 --> Session: Class initialized using 'CodeIgniter\Session\Handlers\FileHandler' driver.
INFO - 2023-12-05 05:05:59 --> Session: Class initialized using 'CodeIgniter\Session\Handlers\FileHandler' driver.
CRITICAL - 2023-12-05 05:05:59 --> Cannot use object of type stdClass as array
in APPPATH\Controllers\Home.php on line 38.
 1 SYSTEMPATH\CodeIgniter.php(919): App\Controllers\Home->index()
 2 SYSTEMPATH\CodeIgniter.php(494): CodeIgniter\CodeIgniter->runController(Object(App\Controllers\Home))
 3 SYSTEMPATH\CodeIgniter.php(353): CodeIgniter\CodeIgniter->handleRequest(null, Object(Config\Cache), false)
 4 FCPATH\index.php(79): CodeIgniter\CodeIgniter->run()
 5 SYSTEMPATH\Commands\Server\rewrite.php(47): require_once('C:\\xampp\\htdocs\\Smark Chemicals\\Smark-Chemicals\\public\\index.php')
INFO - 2023-12-05 05:06:34 --> Session: Class initialized using 'CodeIgniter\Session\Handlers\FileHandler' driver.
CRITICAL - 2023-12-05 05:06:34 --> Cannot use object of type stdClass as array
in APPPATH\Controllers\Home.php on line 38.
 1 SYSTEMPATH\CodeIgniter.php(919): App\Controllers\Home->index()
 2 SYSTEMPATH\CodeIgniter.php(494): CodeIgniter\CodeIgniter->runController(Object(App\Controllers\Home))
 3 SYSTEMPATH\CodeIgniter.php(353): CodeIgniter\CodeIgniter->handleRequest(null, Object(Config\Cache), false)
 4 FCPATH\index.php(79): CodeIgniter\CodeIgniter->run()
 5 SYSTEMPATH\Commands\Server\rewrite.php(47): require_once('C:\\xampp\\htdocs\\Smark Chemicals\\Smark-Chemicals\\public\\index.php')
INFO - 2023-12-05 05:07:00 --> Session: Class initialized using 'CodeIgniter\Session\Handlers\FileHandler' driver.
CRITICAL - 2023-12-05 05:07:00 --> Cannot use object of type stdClass as array
in APPPATH\Controllers\Home.php on line 38.
 1 SYSTEMPATH\CodeIgniter.php(919): App\Controllers\Home->index()
 2 SYSTEMPATH\CodeIgniter.php(494): CodeIgniter\CodeIgniter->runController(Object(App\Controllers\Home))
 3 SYSTEMPATH\CodeIgniter.php(353): CodeIgniter\CodeIgniter->handleRequest(null, Object(Config\Cache), false)
 4 FCPATH\index.php(79): CodeIgniter\CodeIgniter->run()
 5 SYSTEMPATH\Commands\Server\rewrite.php(47): require_once('C:\\xampp\\htdocs\\Smark Chemicals\\Smark-Chemicals\\public\\index.php')
INFO - 2023-12-05 05:09:46 --> Session: Class initialized using 'CodeIgniter\Session\Handlers\FileHandler' driver.
CRITICAL - 2023-12-05 05:09:46 --> Attempt to read property "idEmpleado" on array
in APPPATH\Controllers\Home.php on line 38.
 1 APPPATH\Controllers\Home.php(38): CodeIgniter\Debug\Exceptions->errorHandler(2, 'Attempt to read property "idEmpleado" on array', 'C:\\xampp\\htdocs\\Smark Chemicals\\Smark-Chemicals\\app\\Controllers\\Home.php', 38)
 2 SYSTEMPATH\CodeIgniter.php(919): App\Controllers\Home->index()
 3 SYSTEMPATH\CodeIgniter.php(494): CodeIgniter\CodeIgniter->runController(Object(App\Controllers\Home))
 4 SYSTEMPATH\CodeIgniter.php(353): CodeIgniter\CodeIgniter->handleRequest(null, Object(Config\Cache), false)
 5 FCPATH\index.php(79): CodeIgniter\CodeIgniter->run()
 6 SYSTEMPATH\Commands\Server\rewrite.php(47): require_once('C:\\xampp\\htdocs\\Smark Chemicals\\Smark-Chemicals\\public\\index.php')
INFO - 2023-12-05 05:10:03 --> Session: Class initialized using 'CodeIgniter\Session\Handlers\FileHandler' driver.
CRITICAL - 2023-12-05 05:10:03 --> Attempt to read property "nombre" on array
in APPPATH\Controllers\Home.php on line 38.
 1 APPPATH\Controllers\Home.php(38): CodeIgniter\Debug\Exceptions->errorHandler(2, 'Attempt to read property "nombre" on array', 'C:\\xampp\\htdocs\\Smark Chemicals\\Smark-Chemicals\\app\\Controllers\\Home.php', 38)
 2 SYSTEMPATH\CodeIgniter.php(919): App\Controllers\Home->index()
 3 SYSTEMPATH\CodeIgniter.php(494): CodeIgniter\CodeIgniter->runController(Object(App\Controllers\Home))
 4 SYSTEMPATH\CodeIgniter.php(353): CodeIgniter\CodeIgniter->handleRequest(null, Object(Config\Cache), false)
 5 FCPATH\index.php(79): CodeIgniter\CodeIgniter->run()
 6 SYSTEMPATH\Commands\Server\rewrite.php(47): require_once('C:\\xampp\\htdocs\\Smark Chemicals\\Smark-Chemicals\\public\\index.php')
INFO - 2023-12-05 05:10:21 --> Session: Class initialized using 'CodeIgniter\Session\Handlers\FileHandler' driver.
CRITICAL - 2023-12-05 05:10:21 --> Attempt to read property "nombre" on array
in APPPATH\Controllers\Home.php on line 38.
 1 APPPATH\Controllers\Home.php(38): CodeIgniter\Debug\Exceptions->errorHandler(2, 'Attempt to read property "nombre" on array', 'C:\\xampp\\htdocs\\Smark Chemicals\\Smark-Chemicals\\app\\Controllers\\Home.php', 38)
 2 SYSTEMPATH\CodeIgniter.php(919): App\Controllers\Home->index()
 3 SYSTEMPATH\CodeIgniter.php(494): CodeIgniter\CodeIgniter->runController(Object(App\Controllers\Home))
 4 SYSTEMPATH\CodeIgniter.php(353): CodeIgniter\CodeIgniter->handleRequest(null, Object(Config\Cache), false)
 5 FCPATH\index.php(79): CodeIgniter\CodeIgniter->run()
 6 SYSTEMPATH\Commands\Server\rewrite.php(47): require_once('C:\\xampp\\htdocs\\Smark Chemicals\\Smark-Chemicals\\public\\index.php')
INFO - 2023-12-05 05:10:45 --> Session: Class initialized using 'CodeIgniter\Session\Handlers\FileHandler' driver.
CRITICAL - 2023-12-05 05:10:45 --> Attempt to read property "idEmpleado" on array
in APPPATH\Controllers\Home.php on line 38.
 1 APPPATH\Controllers\Home.php(38): CodeIgniter\Debug\Exceptions->errorHandler(2, 'Attempt to read property "idEmpleado" on array', 'C:\\xampp\\htdocs\\Smark Chemicals\\Smark-Chemicals\\app\\Controllers\\Home.php', 38)
 2 SYSTEMPATH\CodeIgniter.php(919): App\Controllers\Home->index()
 3 SYSTEMPATH\CodeIgniter.php(494): CodeIgniter\CodeIgniter->runController(Object(App\Controllers\Home))
 4 SYSTEMPATH\CodeIgniter.php(353): CodeIgniter\CodeIgniter->handleRequest(null, Object(Config\Cache), false)
 5 FCPATH\index.php(79): CodeIgniter\CodeIgniter->run()
 6 SYSTEMPATH\Commands\Server\rewrite.php(47): require_once('C:\\xampp\\htdocs\\Smark Chemicals\\Smark-Chemicals\\public\\index.php')
INFO - 2023-12-05 05:12:31 --> Session: Class initialized using 'CodeIgniter\Session\Handlers\FileHandler' driver.
INFO - 2023-12-05 05:12:32 --> Session: Class initialized using 'CodeIgniter\Session\Handlers\FileHandler' driver.
INFO - 2023-12-05 05:12:42 --> Session: Class initialized using 'CodeIgniter\Session\Handlers\FileHandler' driver.
INFO - 2023-12-05 05:12:42 --> Session: Class initialized using 'CodeIgniter\Session\Handlers\FileHandler' driver.
INFO - 2023-12-05 05:12:48 --> Session: Class initialized using 'CodeIgniter\Session\Handlers\FileHandler' driver.
INFO - 2023-12-05 05:12:48 --> Session: Class initialized using 'CodeIgniter\Session\Handlers\FileHandler' driver.
INFO - 2023-12-05 05:13:10 --> Session: Class initialized using 'CodeIgniter\Session\Handlers\FileHandler' driver.
INFO - 2023-12-05 05:13:14 --> Session: Class initialized using 'CodeIgniter\Session\Handlers\FileHandler' driver.
INFO - 2023-12-05 05:13:14 --> Session: Class initialized using 'CodeIgniter\Session\Handlers\FileHandler' driver.
INFO - 2023-12-05 05:13:19 --> Session: Class initialized using 'CodeIgniter\Session\Handlers\FileHandler' driver.
INFO - 2023-12-05 05:13:25 --> Session: Class initialized using 'CodeIgniter\Session\Handlers\FileHandler' driver.
INFO - 2023-12-05 05:13:25 --> Session: Class initialized using 'CodeIgniter\Session\Handlers\FileHandler' driver.
INFO - 2023-12-05 05:13:35 --> Session: Class initialized using 'CodeIgniter\Session\Handlers\FileHandler' driver.
INFO - 2023-12-05 05:13:39 --> Session: Class initialized using 'CodeIgniter\Session\Handlers\FileHandler' driver.
INFO - 2023-12-05 05:13:39 --> Session: Class initialized using 'CodeIgniter\Session\Handlers\FileHandler' driver.
INFO - 2023-12-05 05:14:49 --> Session: Class initialized using 'CodeIgniter\Session\Handlers\FileHandler' driver.
INFO - 2023-12-05 05:14:53 --> Session: Class initialized using 'CodeIgniter\Session\Handlers\FileHandler' driver.
INFO - 2023-12-05 05:14:54 --> Session: Class initialized using 'CodeIgniter\Session\Handlers\FileHandler' driver.
INFO - 2023-12-05 05:15:04 --> Session: Class initialized using 'CodeIgniter\Session\Handlers\FileHandler' driver.
INFO - 2023-12-05 05:15:05 --> Session: Class initialized using 'CodeIgniter\Session\Handlers\FileHandler' driver.
INFO - 2023-12-05 05:15:09 --> Session: Class initialized using 'CodeIgniter\Session\Handlers\FileHandler' driver.
INFO - 2023-12-05 05:15:09 --> Session: Class initialized using 'CodeIgniter\Session\Handlers\FileHandler' driver.
INFO - 2023-12-05 05:15:27 --> Session: Class initialized using 'CodeIgniter\Session\Handlers\FileHandler' driver.
INFO - 2023-12-05 05:15:31 --> Session: Class initialized using 'CodeIgniter\Session\Handlers\FileHandler' driver.
INFO - 2023-12-05 05:15:31 --> Session: Class initialized using 'CodeIgniter\Session\Handlers\FileHandler' driver.
INFO - 2023-12-05 05:15:35 --> Session: Class initialized using 'CodeIgniter\Session\Handlers\FileHandler' driver.
INFO - 2023-12-05 05:15:36 --> Session: Class initialized using 'CodeIgniter\Session\Handlers\FileHandler' driver.
INFO - 2023-12-05 05:15:50 --> Session: Class initialized using 'CodeIgniter\Session\Handlers\FileHandler' driver.
INFO - 2023-12-05 05:17:09 --> Session: Class initialized using 'CodeIgniter\Session\Handlers\FileHandler' driver.
INFO - 2023-12-05 05:17:56 --> Session: Class initialized using 'CodeIgniter\Session\Handlers\FileHandler' driver.
INFO - 2023-12-05 05:18:00 --> Session: Class initialized using 'CodeIgniter\Session\Handlers\FileHandler' driver.
INFO - 2023-12-05 05:18:43 --> Session: Class initialized using 'CodeIgniter\Session\Handlers\FileHandler' driver.
INFO - 2023-12-05 05:18:44 --> Session: Class initialized using 'CodeIgniter\Session\Handlers\FileHandler' driver.
INFO - 2023-12-05 05:20:48 --> Session: Class initialized using 'CodeIgniter\Session\Handlers\FileHandler' driver.
INFO - 2023-12-05 05:20:49 --> Session: Class initialized using 'CodeIgniter\Session\Handlers\FileHandler' driver.
INFO - 2023-12-05 05:21:28 --> Session: Class initialized using 'CodeIgniter\Session\Handlers\FileHandler' driver.
INFO - 2023-12-05 05:21:47 --> Session: Class initialized using 'CodeIgniter\Session\Handlers\FileHandler' driver.
INFO - 2023-12-05 05:21:47 --> Session: Class initialized using 'CodeIgniter\Session\Handlers\FileHandler' driver.
INFO - 2023-12-05 05:22:07 --> Session: Class initialized using 'CodeIgniter\Session\Handlers\FileHandler' driver.
INFO - 2023-12-05 05:44:02 --> Session: Class initialized using 'CodeIgniter\Session\Handlers\FileHandler' driver.
INFO - 2023-12-05 05:44:21 --> Session: Class initialized using 'CodeIgniter\Session\Handlers\FileHandler' driver.
INFO - 2023-12-05 05:46:46 --> Session: Class initialized using 'CodeIgniter\Session\Handlers\FileHandler' driver.
INFO - 2023-12-05 05:47:19 --> Session: Class initialized using 'CodeIgniter\Session\Handlers\FileHandler' driver.
INFO - 2023-12-05 05:47:20 --> Session: Class initialized using 'CodeIgniter\Session\Handlers\FileHandler' driver.
INFO - 2023-12-05 05:47:31 --> Session: Class initialized using 'CodeIgniter\Session\Handlers\FileHandler' driver.
INFO - 2023-12-05 05:47:44 --> Session: Class initialized using 'CodeIgniter\Session\Handlers\FileHandler' driver.
CRITICAL - 2023-12-05 06:06:27 --> Class "App\Controllers\Usuarios" not found
in APPPATH\Controllers\Home.php on line 11.
 1 SYSTEMPATH\CodeIgniter.php(919): App\Controllers\Home->index()
 2 SYSTEMPATH\CodeIgniter.php(494): CodeIgniter\CodeIgniter->runController(Object(App\Controllers\Home))
 3 SYSTEMPATH\CodeIgniter.php(353): CodeIgniter\CodeIgniter->handleRequest(null, Object(Config\Cache), false)
 4 FCPATH\index.php(79): CodeIgniter\CodeIgniter->run()
 5 SYSTEMPATH\Commands\Server\rewrite.php(47): require_once('C:\\xampp\\htdocs\\Smark Chemicals\\Smark-Chemicals\\public\\index.php')
INFO - 2023-12-05 06:15:23 --> Session: Class initialized using 'CodeIgniter\Session\Handlers\FileHandler' driver.
ERROR - 2023-12-05 06:23:44 --> mysqli_sql_exception: Table 'smarkchemicals.t_usuario' doesn't exist in C:\xampp\htdocs\Smark Chemicals\Smark-Chemicals\system\Database\MySQLi\Connection.php:306
Stack trace:
#0 C:\xampp\htdocs\Smark Chemicals\Smark-Chemicals\system\Database\MySQLi\Connection.php(306): mysqli->query('INSERT INTO `t_...', 0)
#1 C:\xampp\htdocs\Smark Chemicals\Smark-Chemicals\system\Database\BaseConnection.php(692): CodeIgniter\Database\MySQLi\Connection->execute('INSERT INTO `t_...')
#2 C:\xampp\htdocs\Smark Chemicals\Smark-Chemicals\system\Database\BaseConnection.php(606): CodeIgniter\Database\BaseConnection->simpleQuery('INSERT INTO `t_...')
#3 C:\xampp\htdocs\Smark Chemicals\Smark-Chemicals\system\Database\BaseBuilder.php(2308): CodeIgniter\Database\BaseConnection->query('INSERT INTO `t_...', Array, false)
#4 C:\xampp\htdocs\Smark Chemicals\Smark-Chemicals\app\Database\Seeds\Usuario.php(22): CodeIgniter\Database\BaseBuilder->insert(Array)
#5 C:\xampp\htdocs\Smark Chemicals\Smark-Chemicals\system\Database\Seeder.php(146): App\Database\Seeds\Usuario->run()
#6 C:\xampp\htdocs\Smark Chemicals\Smark-Chemicals\system\Commands\Database\Seed.php(77): CodeIgniter\Database\Seeder->call('App\\Database\\Se...')
#7 C:\xampp\htdocs\Smark Chemicals\Smark-Chemicals\system\CLI\Commands.php(65): CodeIgniter\Commands\Database\Seed->run(Array)
#8 C:\xampp\htdocs\Smark Chemicals\Smark-Chemicals\system\CLI\Console.php(37): CodeIgniter\CLI\Commands->run('db:seed', Array)
#9 C:\xampp\htdocs\Smark Chemicals\Smark-Chemicals\spark(102): CodeIgniter\CLI\Console->run()
#10 {main}
ERROR - 2023-12-05 06:25:47 --> mysqli_sql_exception: Table 'smarkchemicals.t_usuario' doesn't exist in C:\xampp\htdocs\Smark Chemicals\Smark-Chemicals\system\Database\MySQLi\Connection.php:306
Stack trace:
#0 C:\xampp\htdocs\Smark Chemicals\Smark-Chemicals\system\Database\MySQLi\Connection.php(306): mysqli->query('INSERT INTO `t_...', 0)
#1 C:\xampp\htdocs\Smark Chemicals\Smark-Chemicals\system\Database\BaseConnection.php(692): CodeIgniter\Database\MySQLi\Connection->execute('INSERT INTO `t_...')
#2 C:\xampp\htdocs\Smark Chemicals\Smark-Chemicals\system\Database\BaseConnection.php(606): CodeIgniter\Database\BaseConnection->simpleQuery('INSERT INTO `t_...')
#3 C:\xampp\htdocs\Smark Chemicals\Smark-Chemicals\system\Database\BaseBuilder.php(2308): CodeIgniter\Database\BaseConnection->query('INSERT INTO `t_...', Array, false)
#4 C:\xampp\htdocs\Smark Chemicals\Smark-Chemicals\app\Database\Seeds\Usuario.php(22): CodeIgniter\Database\BaseBuilder->insert(Array)
#5 C:\xampp\htdocs\Smark Chemicals\Smark-Chemicals\system\Database\Seeder.php(146): App\Database\Seeds\Usuario->run()
#6 C:\xampp\htdocs\Smark Chemicals\Smark-Chemicals\system\Commands\Database\Seed.php(77): CodeIgniter\Database\Seeder->call('App\\Database\\Se...')
#7 C:\xampp\htdocs\Smark Chemicals\Smark-Chemicals\system\CLI\Commands.php(65): CodeIgniter\Commands\Database\Seed->run(Array)
#8 C:\xampp\htdocs\Smark Chemicals\Smark-Chemicals\system\CLI\Console.php(37): CodeIgniter\CLI\Commands->run('db:seed', Array)
#9 C:\xampp\htdocs\Smark Chemicals\Smark-Chemicals\spark(102): CodeIgniter\CLI\Console->run()
#10 {main}
ERROR - 2023-12-05 06:26:15 --> mysqli_sql_exception: Table 'smarkchemicals.t_usuario' doesn't exist in C:\xampp\htdocs\Smark Chemicals\Smark-Chemicals\system\Database\MySQLi\Connection.php:306
Stack trace:
#0 C:\xampp\htdocs\Smark Chemicals\Smark-Chemicals\system\Database\MySQLi\Connection.php(306): mysqli->query('INSERT INTO `t_...', 0)
#1 C:\xampp\htdocs\Smark Chemicals\Smark-Chemicals\system\Database\BaseConnection.php(692): CodeIgniter\Database\MySQLi\Connection->execute('INSERT INTO `t_...')
#2 C:\xampp\htdocs\Smark Chemicals\Smark-Chemicals\system\Database\BaseConnection.php(606): CodeIgniter\Database\BaseConnection->simpleQuery('INSERT INTO `t_...')
#3 C:\xampp\htdocs\Smark Chemicals\Smark-Chemicals\system\Database\BaseBuilder.php(2308): CodeIgniter\Database\BaseConnection->query('INSERT INTO `t_...', Array, false)
#4 C:\xampp\htdocs\Smark Chemicals\Smark-Chemicals\app\Database\Seeds\Usuario.php(22): CodeIgniter\Database\BaseBuilder->insert(Array)
#5 C:\xampp\htdocs\Smark Chemicals\Smark-Chemicals\system\Database\Seeder.php(146): App\Database\Seeds\Usuario->run()
#6 C:\xampp\htdocs\Smark Chemicals\Smark-Chemicals\system\Commands\Database\Seed.php(77): CodeIgniter\Database\Seeder->call('App\\Database\\Se...')
#7 C:\xampp\htdocs\Smark Chemicals\Smark-Chemicals\system\CLI\Commands.php(65): CodeIgniter\Commands\Database\Seed->run(Array)
#8 C:\xampp\htdocs\Smark Chemicals\Smark-Chemicals\system\CLI\Console.php(37): CodeIgniter\CLI\Commands->run('db:seed', Array)
#9 C:\xampp\htdocs\Smark Chemicals\Smark-Chemicals\spark(102): CodeIgniter\CLI\Console->run()
#10 {main}
ERROR - 2023-12-05 06:27:24 --> mysqli_sql_exception: Table 'smarkchemicals.t_usuario' doesn't exist in C:\xampp\htdocs\Smark Chemicals\Smark-Chemicals\system\Database\MySQLi\Connection.php:306
Stack trace:
#0 C:\xampp\htdocs\Smark Chemicals\Smark-Chemicals\system\Database\MySQLi\Connection.php(306): mysqli->query('INSERT INTO `t_...', 0)
#1 C:\xampp\htdocs\Smark Chemicals\Smark-Chemicals\system\Database\BaseConnection.php(692): CodeIgniter\Database\MySQLi\Connection->execute('INSERT INTO `t_...')
#2 C:\xampp\htdocs\Smark Chemicals\Smark-Chemicals\system\Database\BaseConnection.php(606): CodeIgniter\Database\BaseConnection->simpleQuery('INSERT INTO `t_...')
#3 C:\xampp\htdocs\Smark Chemicals\Smark-Chemicals\system\Database\BaseBuilder.php(2308): CodeIgniter\Database\BaseConnection->query('INSERT INTO `t_...', Array, false)
#4 C:\xampp\htdocs\Smark Chemicals\Smark-Chemicals\app\Database\Seeds\Usuario.php(22): CodeIgniter\Database\BaseBuilder->insert(Array)
#5 C:\xampp\htdocs\Smark Chemicals\Smark-Chemicals\system\Database\Seeder.php(146): App\Database\Seeds\Usuario->run()
#6 C:\xampp\htdocs\Smark Chemicals\Smark-Chemicals\system\Commands\Database\Seed.php(77): CodeIgniter\Database\Seeder->call('App\\Database\\Se...')
#7 C:\xampp\htdocs\Smark Chemicals\Smark-Chemicals\system\CLI\Commands.php(65): CodeIgniter\Commands\Database\Seed->run(Array)
#8 C:\xampp\htdocs\Smark Chemicals\Smark-Chemicals\system\CLI\Console.php(37): CodeIgniter\CLI\Commands->run('db:seed', Array)
#9 C:\xampp\htdocs\Smark Chemicals\Smark-Chemicals\spark(102): CodeIgniter\CLI\Console->run()
#10 {main}
ERROR - 2023-12-05 06:27:46 --> mysqli_sql_exception: Table 'smarkchemicals.t_usuario' doesn't exist in C:\xampp\htdocs\Smark Chemicals\Smark-Chemicals\system\Database\MySQLi\Connection.php:306
Stack trace:
#0 C:\xampp\htdocs\Smark Chemicals\Smark-Chemicals\system\Database\MySQLi\Connection.php(306): mysqli->query('INSERT INTO `t_...', 0)
#1 C:\xampp\htdocs\Smark Chemicals\Smark-Chemicals\system\Database\BaseConnection.php(692): CodeIgniter\Database\MySQLi\Connection->execute('INSERT INTO `t_...')
#2 C:\xampp\htdocs\Smark Chemicals\Smark-Chemicals\system\Database\BaseConnection.php(606): CodeIgniter\Database\BaseConnection->simpleQuery('INSERT INTO `t_...')
#3 C:\xampp\htdocs\Smark Chemicals\Smark-Chemicals\system\Database\BaseBuilder.php(2308): CodeIgniter\Database\BaseConnection->query('INSERT INTO `t_...', Array, false)
#4 C:\xampp\htdocs\Smark Chemicals\Smark-Chemicals\app\Database\Seeds\Usuario.php(22): CodeIgniter\Database\BaseBuilder->insert(Array)
#5 C:\xampp\htdocs\Smark Chemicals\Smark-Chemicals\system\Database\Seeder.php(146): App\Database\Seeds\Usuario->run()
#6 C:\xampp\htdocs\Smark Chemicals\Smark-Chemicals\system\Commands\Database\Seed.php(77): CodeIgniter\Database\Seeder->call('App\\Database\\Se...')
#7 C:\xampp\htdocs\Smark Chemicals\Smark-Chemicals\system\CLI\Commands.php(65): CodeIgniter\Commands\Database\Seed->run(Array)
#8 C:\xampp\htdocs\Smark Chemicals\Smark-Chemicals\system\CLI\Console.php(37): CodeIgniter\CLI\Commands->run('db:seed', Array)
#9 C:\xampp\htdocs\Smark Chemicals\Smark-Chemicals\spark(102): CodeIgniter\CLI\Console->run()
#10 {main}
ERROR - 2023-12-05 06:28:24 --> mysqli_sql_exception: Table 'smarkchemicals.t_usuario' doesn't exist in C:\xampp\htdocs\Smark Chemicals\Smark-Chemicals\system\Database\MySQLi\Connection.php:306
Stack trace:
#0 C:\xampp\htdocs\Smark Chemicals\Smark-Chemicals\system\Database\MySQLi\Connection.php(306): mysqli->query('INSERT INTO `t_...', 0)
#1 C:\xampp\htdocs\Smark Chemicals\Smark-Chemicals\system\Database\BaseConnection.php(692): CodeIgniter\Database\MySQLi\Connection->execute('INSERT INTO `t_...')
#2 C:\xampp\htdocs\Smark Chemicals\Smark-Chemicals\system\Database\BaseConnection.php(606): CodeIgniter\Database\BaseConnection->simpleQuery('INSERT INTO `t_...')
#3 C:\xampp\htdocs\Smark Chemicals\Smark-Chemicals\system\Database\BaseBuilder.php(2308): CodeIgniter\Database\BaseConnection->query('INSERT INTO `t_...', Array, false)
#4 C:\xampp\htdocs\Smark Chemicals\Smark-Chemicals\app\Database\Seeds\Usuario.php(22): CodeIgniter\Database\BaseBuilder->insert(Array)
#5 C:\xampp\htdocs\Smark Chemicals\Smark-Chemicals\system\Database\Seeder.php(146): App\Database\Seeds\Usuario->run()
#6 C:\xampp\htdocs\Smark Chemicals\Smark-Chemicals\system\Commands\Database\Seed.php(77): CodeIgniter\Database\Seeder->call('App\\Database\\Se...')
#7 C:\xampp\htdocs\Smark Chemicals\Smark-Chemicals\system\CLI\Commands.php(65): CodeIgniter\Commands\Database\Seed->run(Array)
#8 C:\xampp\htdocs\Smark Chemicals\Smark-Chemicals\system\CLI\Console.php(37): CodeIgniter\CLI\Commands->run('db:seed', Array)
#9 C:\xampp\htdocs\Smark Chemicals\Smark-Chemicals\spark(102): CodeIgniter\CLI\Console->run()
#10 {main}
ERROR - 2023-12-05 06:29:20 --> mysqli_sql_exception: Table 'smarkchemicals.t_usuario' doesn't exist in C:\xampp\htdocs\Smark Chemicals\Smark-Chemicals\system\Database\MySQLi\Connection.php:306
Stack trace:
#0 C:\xampp\htdocs\Smark Chemicals\Smark-Chemicals\system\Database\MySQLi\Connection.php(306): mysqli->query('INSERT INTO `t_...', 0)
#1 C:\xampp\htdocs\Smark Chemicals\Smark-Chemicals\system\Database\BaseConnection.php(692): CodeIgniter\Database\MySQLi\Connection->execute('INSERT INTO `t_...')
#2 C:\xampp\htdocs\Smark Chemicals\Smark-Chemicals\system\Database\BaseConnection.php(606): CodeIgniter\Database\BaseConnection->simpleQuery('INSERT INTO `t_...')
#3 C:\xampp\htdocs\Smark Chemicals\Smark-Chemicals\system\Database\BaseBuilder.php(2308): CodeIgniter\Database\BaseConnection->query('INSERT INTO `t_...', Array, false)
#4 C:\xampp\htdocs\Smark Chemicals\Smark-Chemicals\app\Database\Seeds\Usuario.php(22): CodeIgniter\Database\BaseBuilder->insert(Array)
#5 C:\xampp\htdocs\Smark Chemicals\Smark-Chemicals\system\Database\Seeder.php(146): App\Database\Seeds\Usuario->run()
#6 C:\xampp\htdocs\Smark Chemicals\Smark-Chemicals\system\Commands\Database\Seed.php(77): CodeIgniter\Database\Seeder->call('App\\Database\\Se...')
#7 C:\xampp\htdocs\Smark Chemicals\Smark-Chemicals\system\CLI\Commands.php(65): CodeIgniter\Commands\Database\Seed->run(Array)
#8 C:\xampp\htdocs\Smark Chemicals\Smark-Chemicals\system\CLI\Console.php(37): CodeIgniter\CLI\Commands->run('db:seed', Array)
#9 C:\xampp\htdocs\Smark Chemicals\Smark-Chemicals\spark(102): CodeIgniter\CLI\Console->run()
#10 {main}
ERROR - 2023-12-05 06:29:26 --> mysqli_sql_exception: Table 'smarkchemicals.t_usuario' doesn't exist in C:\xampp\htdocs\Smark Chemicals\Smark-Chemicals\system\Database\MySQLi\Connection.php:306
Stack trace:
#0 C:\xampp\htdocs\Smark Chemicals\Smark-Chemicals\system\Database\MySQLi\Connection.php(306): mysqli->query('INSERT INTO `t_...', 0)
#1 C:\xampp\htdocs\Smark Chemicals\Smark-Chemicals\system\Database\BaseConnection.php(692): CodeIgniter\Database\MySQLi\Connection->execute('INSERT INTO `t_...')
#2 C:\xampp\htdocs\Smark Chemicals\Smark-Chemicals\system\Database\BaseConnection.php(606): CodeIgniter\Database\BaseConnection->simpleQuery('INSERT INTO `t_...')
#3 C:\xampp\htdocs\Smark Chemicals\Smark-Chemicals\system\Database\BaseBuilder.php(2308): CodeIgniter\Database\BaseConnection->query('INSERT INTO `t_...', Array, false)
#4 C:\xampp\htdocs\Smark Chemicals\Smark-Chemicals\app\Database\Seeds\Usuario.php(22): CodeIgniter\Database\BaseBuilder->insert(Array)
#5 C:\xampp\htdocs\Smark Chemicals\Smark-Chemicals\system\Database\Seeder.php(146): App\Database\Seeds\Usuario->run()
#6 C:\xampp\htdocs\Smark Chemicals\Smark-Chemicals\system\Commands\Database\Seed.php(77): CodeIgniter\Database\Seeder->call('App\\Database\\Se...')
#7 C:\xampp\htdocs\Smark Chemicals\Smark-Chemicals\system\CLI\Commands.php(65): CodeIgniter\Commands\Database\Seed->run(Array)
#8 C:\xampp\htdocs\Smark Chemicals\Smark-Chemicals\system\CLI\Console.php(37): CodeIgniter\CLI\Commands->run('db:seed', Array)
#9 C:\xampp\htdocs\Smark Chemicals\Smark-Chemicals\spark(102): CodeIgniter\CLI\Console->run()
#10 {main}
ERROR - 2023-12-05 06:31:26 --> mysqli_sql_exception: Table 'smarkchemicals.t_usuario' doesn't exist in C:\xampp\htdocs\Smark Chemicals\Smark-Chemicals\system\Database\MySQLi\Connection.php:306
Stack trace:
#0 C:\xampp\htdocs\Smark Chemicals\Smark-Chemicals\system\Database\MySQLi\Connection.php(306): mysqli->query('INSERT INTO `t_...', 0)
#1 C:\xampp\htdocs\Smark Chemicals\Smark-Chemicals\system\Database\BaseConnection.php(692): CodeIgniter\Database\MySQLi\Connection->execute('INSERT INTO `t_...')
#2 C:\xampp\htdocs\Smark Chemicals\Smark-Chemicals\system\Database\BaseConnection.php(606): CodeIgniter\Database\BaseConnection->simpleQuery('INSERT INTO `t_...')
#3 C:\xampp\htdocs\Smark Chemicals\Smark-Chemicals\system\Database\BaseBuilder.php(2308): CodeIgniter\Database\BaseConnection->query('INSERT INTO `t_...', Array, false)
#4 C:\xampp\htdocs\Smark Chemicals\Smark-Chemicals\app\Database\Seeds\Usuario.php(22): CodeIgniter\Database\BaseBuilder->insert(Array)
#5 C:\xampp\htdocs\Smark Chemicals\Smark-Chemicals\system\Database\Seeder.php(146): App\Database\Seeds\Usuario->run()
#6 C:\xampp\htdocs\Smark Chemicals\Smark-Chemicals\system\Commands\Database\Seed.php(77): CodeIgniter\Database\Seeder->call('App\\Database\\Se...')
#7 C:\xampp\htdocs\Smark Chemicals\Smark-Chemicals\system\CLI\Commands.php(65): CodeIgniter\Commands\Database\Seed->run(Array)
#8 C:\xampp\htdocs\Smark Chemicals\Smark-Chemicals\system\CLI\Console.php(37): CodeIgniter\CLI\Commands->run('db:seed', Array)
#9 C:\xampp\htdocs\Smark Chemicals\Smark-Chemicals\spark(102): CodeIgniter\CLI\Console->run()
#10 {main}
ERROR - 2023-12-05 06:31:30 --> mysqli_sql_exception: Table 'smarkchemicals.t_usuario' doesn't exist in C:\xampp\htdocs\Smark Chemicals\Smark-Chemicals\system\Database\MySQLi\Connection.php:306
Stack trace:
#0 C:\xampp\htdocs\Smark Chemicals\Smark-Chemicals\system\Database\MySQLi\Connection.php(306): mysqli->query('INSERT INTO `t_...', 0)
#1 C:\xampp\htdocs\Smark Chemicals\Smark-Chemicals\system\Database\BaseConnection.php(692): CodeIgniter\Database\MySQLi\Connection->execute('INSERT INTO `t_...')
#2 C:\xampp\htdocs\Smark Chemicals\Smark-Chemicals\system\Database\BaseConnection.php(606): CodeIgniter\Database\BaseConnection->simpleQuery('INSERT INTO `t_...')
#3 C:\xampp\htdocs\Smark Chemicals\Smark-Chemicals\system\Database\BaseBuilder.php(2308): CodeIgniter\Database\BaseConnection->query('INSERT INTO `t_...', Array, false)
#4 C:\xampp\htdocs\Smark Chemicals\Smark-Chemicals\app\Database\Seeds\Usuario.php(22): CodeIgniter\Database\BaseBuilder->insert(Array)
#5 C:\xampp\htdocs\Smark Chemicals\Smark-Chemicals\system\Database\Seeder.php(146): App\Database\Seeds\Usuario->run()
#6 C:\xampp\htdocs\Smark Chemicals\Smark-Chemicals\system\Commands\Database\Seed.php(77): CodeIgniter\Database\Seeder->call('App\\Database\\Se...')
#7 C:\xampp\htdocs\Smark Chemicals\Smark-Chemicals\system\CLI\Commands.php(65): CodeIgniter\Commands\Database\Seed->run(Array)
#8 C:\xampp\htdocs\Smark Chemicals\Smark-Chemicals\system\CLI\Console.php(37): CodeIgniter\CLI\Commands->run('db:seed', Array)
#9 C:\xampp\htdocs\Smark Chemicals\Smark-Chemicals\spark(102): CodeIgniter\CLI\Console->run()
#10 {main}
ERROR - 2023-12-05 06:31:32 --> mysqli_sql_exception: Table 'smarkchemicals.t_usuario' doesn't exist in C:\xampp\htdocs\Smark Chemicals\Smark-Chemicals\system\Database\MySQLi\Connection.php:306
Stack trace:
#0 C:\xampp\htdocs\Smark Chemicals\Smark-Chemicals\system\Database\MySQLi\Connection.php(306): mysqli->query('INSERT INTO `t_...', 0)
#1 C:\xampp\htdocs\Smark Chemicals\Smark-Chemicals\system\Database\BaseConnection.php(692): CodeIgniter\Database\MySQLi\Connection->execute('INSERT INTO `t_...')
#2 C:\xampp\htdocs\Smark Chemicals\Smark-Chemicals\system\Database\BaseConnection.php(606): CodeIgniter\Database\BaseConnection->simpleQuery('INSERT INTO `t_...')
#3 C:\xampp\htdocs\Smark Chemicals\Smark-Chemicals\system\Database\BaseBuilder.php(2308): CodeIgniter\Database\BaseConnection->query('INSERT INTO `t_...', Array, false)
#4 C:\xampp\htdocs\Smark Chemicals\Smark-Chemicals\app\Database\Seeds\Usuario.php(22): CodeIgniter\Database\BaseBuilder->insert(Array)
#5 C:\xampp\htdocs\Smark Chemicals\Smark-Chemicals\system\Database\Seeder.php(146): App\Database\Seeds\Usuario->run()
#6 C:\xampp\htdocs\Smark Chemicals\Smark-Chemicals\system\Commands\Database\Seed.php(77): CodeIgniter\Database\Seeder->call('App\\Database\\Se...')
#7 C:\xampp\htdocs\Smark Chemicals\Smark-Chemicals\system\CLI\Commands.php(65): CodeIgniter\Commands\Database\Seed->run(Array)
#8 C:\xampp\htdocs\Smark Chemicals\Smark-Chemicals\system\CLI\Console.php(37): CodeIgniter\CLI\Commands->run('db:seed', Array)
#9 C:\xampp\htdocs\Smark Chemicals\Smark-Chemicals\spark(102): CodeIgniter\CLI\Console->run()
#10 {main}
ERROR - 2023-12-05 06:31:33 --> mysqli_sql_exception: Table 'smarkchemicals.t_usuario' doesn't exist in C:\xampp\htdocs\Smark Chemicals\Smark-Chemicals\system\Database\MySQLi\Connection.php:306
Stack trace:
#0 C:\xampp\htdocs\Smark Chemicals\Smark-Chemicals\system\Database\MySQLi\Connection.php(306): mysqli->query('INSERT INTO `t_...', 0)
#1 C:\xampp\htdocs\Smark Chemicals\Smark-Chemicals\system\Database\BaseConnection.php(692): CodeIgniter\Database\MySQLi\Connection->execute('INSERT INTO `t_...')
#2 C:\xampp\htdocs\Smark Chemicals\Smark-Chemicals\system\Database\BaseConnection.php(606): CodeIgniter\Database\BaseConnection->simpleQuery('INSERT INTO `t_...')
#3 C:\xampp\htdocs\Smark Chemicals\Smark-Chemicals\system\Database\BaseBuilder.php(2308): CodeIgniter\Database\BaseConnection->query('INSERT INTO `t_...', Array, false)
#4 C:\xampp\htdocs\Smark Chemicals\Smark-Chemicals\app\Database\Seeds\Usuario.php(22): CodeIgniter\Database\BaseBuilder->insert(Array)
#5 C:\xampp\htdocs\Smark Chemicals\Smark-Chemicals\system\Database\Seeder.php(146): App\Database\Seeds\Usuario->run()
#6 C:\xampp\htdocs\Smark Chemicals\Smark-Chemicals\system\Commands\Database\Seed.php(77): CodeIgniter\Database\Seeder->call('App\\Database\\Se...')
#7 C:\xampp\htdocs\Smark Chemicals\Smark-Chemicals\system\CLI\Commands.php(65): CodeIgniter\Commands\Database\Seed->run(Array)
#8 C:\xampp\htdocs\Smark Chemicals\Smark-Chemicals\system\CLI\Console.php(37): CodeIgniter\CLI\Commands->run('db:seed', Array)
#9 C:\xampp\htdocs\Smark Chemicals\Smark-Chemicals\spark(102): CodeIgniter\CLI\Console->run()
#10 {main}
ERROR - 2023-12-05 06:32:14 --> mysqli_sql_exception: Table 'smarkchemicals.t_usuario' doesn't exist in C:\xampp\htdocs\Smark Chemicals\Smark-Chemicals\system\Database\MySQLi\Connection.php:306
Stack trace:
#0 C:\xampp\htdocs\Smark Chemicals\Smark-Chemicals\system\Database\MySQLi\Connection.php(306): mysqli->query('INSERT INTO `t_...', 0)
#1 C:\xampp\htdocs\Smark Chemicals\Smark-Chemicals\system\Database\BaseConnection.php(692): CodeIgniter\Database\MySQLi\Connection->execute('INSERT INTO `t_...')
#2 C:\xampp\htdocs\Smark Chemicals\Smark-Chemicals\system\Database\BaseConnection.php(606): CodeIgniter\Database\BaseConnection->simpleQuery('INSERT INTO `t_...')
#3 C:\xampp\htdocs\Smark Chemicals\Smark-Chemicals\system\Database\BaseBuilder.php(2308): CodeIgniter\Database\BaseConnection->query('INSERT INTO `t_...', Array, false)
#4 C:\xampp\htdocs\Smark Chemicals\Smark-Chemicals\app\Database\Seeds\Usuario.php(22): CodeIgniter\Database\BaseBuilder->insert(Array)
#5 C:\xampp\htdocs\Smark Chemicals\Smark-Chemicals\system\Database\Seeder.php(146): App\Database\Seeds\Usuario->run()
#6 C:\xampp\htdocs\Smark Chemicals\Smark-Chemicals\system\Commands\Database\Seed.php(77): CodeIgniter\Database\Seeder->call('App\\Database\\Se...')
#7 C:\xampp\htdocs\Smark Chemicals\Smark-Chemicals\system\CLI\Commands.php(65): CodeIgniter\Commands\Database\Seed->run(Array)
#8 C:\xampp\htdocs\Smark Chemicals\Smark-Chemicals\system\CLI\Console.php(37): CodeIgniter\CLI\Commands->run('db:seed', Array)
#9 C:\xampp\htdocs\Smark Chemicals\Smark-Chemicals\spark(102): CodeIgniter\CLI\Console->run()
#10 {main}
ERROR - 2023-12-05 06:33:57 --> mysqli_sql_exception: Table 'smarkchemicals.t_usuario' doesn't exist in C:\xampp\htdocs\Smark Chemicals\Smark-Chemicals\system\Database\MySQLi\Connection.php:306
Stack trace:
#0 C:\xampp\htdocs\Smark Chemicals\Smark-Chemicals\system\Database\MySQLi\Connection.php(306): mysqli->query('INSERT INTO `t_...', 0)
#1 C:\xampp\htdocs\Smark Chemicals\Smark-Chemicals\system\Database\BaseConnection.php(692): CodeIgniter\Database\MySQLi\Connection->execute('INSERT INTO `t_...')
#2 C:\xampp\htdocs\Smark Chemicals\Smark-Chemicals\system\Database\BaseConnection.php(606): CodeIgniter\Database\BaseConnection->simpleQuery('INSERT INTO `t_...')
#3 C:\xampp\htdocs\Smark Chemicals\Smark-Chemicals\system\Database\BaseBuilder.php(2308): CodeIgniter\Database\BaseConnection->query('INSERT INTO `t_...', Array, false)
#4 C:\xampp\htdocs\Smark Chemicals\Smark-Chemicals\app\Database\Seeds\Usuario.php(22): CodeIgniter\Database\BaseBuilder->insert(Array)
#5 C:\xampp\htdocs\Smark Chemicals\Smark-Chemicals\system\Database\Seeder.php(146): App\Database\Seeds\Usuario->run()
#6 C:\xampp\htdocs\Smark Chemicals\Smark-Chemicals\system\Commands\Database\Seed.php(77): CodeIgniter\Database\Seeder->call('App\\Database\\Se...')
#7 C:\xampp\htdocs\Smark Chemicals\Smark-Chemicals\system\CLI\Commands.php(65): CodeIgniter\Commands\Database\Seed->run(Array)
#8 C:\xampp\htdocs\Smark Chemicals\Smark-Chemicals\system\CLI\Console.php(37): CodeIgniter\CLI\Commands->run('db:seed', Array)
#9 C:\xampp\htdocs\Smark Chemicals\Smark-Chemicals\spark(102): CodeIgniter\CLI\Console->run()
#10 {main}
ERROR - 2023-12-05 06:37:31 --> mysqli_sql_exception: Table 'smarkchemicals.t_usuario' doesn't exist in C:\xampp\htdocs\Smark Chemicals\Smark-Chemicals\system\Database\MySQLi\Connection.php:306
Stack trace:
#0 C:\xampp\htdocs\Smark Chemicals\Smark-Chemicals\system\Database\MySQLi\Connection.php(306): mysqli->query('INSERT INTO `t_...', 0)
#1 C:\xampp\htdocs\Smark Chemicals\Smark-Chemicals\system\Database\BaseConnection.php(692): CodeIgniter\Database\MySQLi\Connection->execute('INSERT INTO `t_...')
#2 C:\xampp\htdocs\Smark Chemicals\Smark-Chemicals\system\Database\BaseConnection.php(606): CodeIgniter\Database\BaseConnection->simpleQuery('INSERT INTO `t_...')
#3 C:\xampp\htdocs\Smark Chemicals\Smark-Chemicals\system\Database\BaseBuilder.php(2308): CodeIgniter\Database\BaseConnection->query('INSERT INTO `t_...', Array, false)
#4 C:\xampp\htdocs\Smark Chemicals\Smark-Chemicals\app\Database\Seeds\Usuario.php(22): CodeIgniter\Database\BaseBuilder->insert(Array)
#5 C:\xampp\htdocs\Smark Chemicals\Smark-Chemicals\system\Database\Seeder.php(146): App\Database\Seeds\Usuario->run()
#6 C:\xampp\htdocs\Smark Chemicals\Smark-Chemicals\system\Commands\Database\Seed.php(77): CodeIgniter\Database\Seeder->call('App\\Database\\Se...')
#7 C:\xampp\htdocs\Smark Chemicals\Smark-Chemicals\system\CLI\Commands.php(65): CodeIgniter\Commands\Database\Seed->run(Array)
#8 C:\xampp\htdocs\Smark Chemicals\Smark-Chemicals\system\CLI\Console.php(37): CodeIgniter\CLI\Commands->run('db:seed', Array)
#9 C:\xampp\htdocs\Smark Chemicals\Smark-Chemicals\spark(102): CodeIgniter\CLI\Console->run()
#10 {main}
ERROR - 2023-12-05 06:37:38 --> mysqli_sql_exception: Table 'smarkchemicals.t_usuario' doesn't exist in C:\xampp\htdocs\Smark Chemicals\Smark-Chemicals\system\Database\MySQLi\Connection.php:306
Stack trace:
#0 C:\xampp\htdocs\Smark Chemicals\Smark-Chemicals\system\Database\MySQLi\Connection.php(306): mysqli->query('INSERT INTO `t_...', 0)
#1 C:\xampp\htdocs\Smark Chemicals\Smark-Chemicals\system\Database\BaseConnection.php(692): CodeIgniter\Database\MySQLi\Connection->execute('INSERT INTO `t_...')
#2 C:\xampp\htdocs\Smark Chemicals\Smark-Chemicals\system\Database\BaseConnection.php(606): CodeIgniter\Database\BaseConnection->simpleQuery('INSERT INTO `t_...')
#3 C:\xampp\htdocs\Smark Chemicals\Smark-Chemicals\system\Database\BaseBuilder.php(2308): CodeIgniter\Database\BaseConnection->query('INSERT INTO `t_...', Array, false)
#4 C:\xampp\htdocs\Smark Chemicals\Smark-Chemicals\app\Database\Seeds\Usuario.php(22): CodeIgniter\Database\BaseBuilder->insert(Array)
#5 C:\xampp\htdocs\Smark Chemicals\Smark-Chemicals\system\Database\Seeder.php(146): App\Database\Seeds\Usuario->run()
#6 C:\xampp\htdocs\Smark Chemicals\Smark-Chemicals\system\Commands\Database\Seed.php(77): CodeIgniter\Database\Seeder->call('App\\Database\\Se...')
#7 C:\xampp\htdocs\Smark Chemicals\Smark-Chemicals\system\CLI\Commands.php(65): CodeIgniter\Commands\Database\Seed->run(Array)
#8 C:\xampp\htdocs\Smark Chemicals\Smark-Chemicals\system\CLI\Console.php(37): CodeIgniter\CLI\Commands->run('db:seed', Array)
#9 C:\xampp\htdocs\Smark Chemicals\Smark-Chemicals\spark(102): CodeIgniter\CLI\Console->run()
#10 {main}
ERROR - 2023-12-05 06:37:42 --> mysqli_sql_exception: Table 'smarkchemicals.t_usuario' doesn't exist in C:\xampp\htdocs\Smark Chemicals\Smark-Chemicals\system\Database\MySQLi\Connection.php:306
Stack trace:
#0 C:\xampp\htdocs\Smark Chemicals\Smark-Chemicals\system\Database\MySQLi\Connection.php(306): mysqli->query('INSERT INTO `t_...', 0)
#1 C:\xampp\htdocs\Smark Chemicals\Smark-Chemicals\system\Database\BaseConnection.php(692): CodeIgniter\Database\MySQLi\Connection->execute('INSERT INTO `t_...')
#2 C:\xampp\htdocs\Smark Chemicals\Smark-Chemicals\system\Database\BaseConnection.php(606): CodeIgniter\Database\BaseConnection->simpleQuery('INSERT INTO `t_...')
#3 C:\xampp\htdocs\Smark Chemicals\Smark-Chemicals\system\Database\BaseBuilder.php(2308): CodeIgniter\Database\BaseConnection->query('INSERT INTO `t_...', Array, false)
#4 C:\xampp\htdocs\Smark Chemicals\Smark-Chemicals\app\Database\Seeds\Usuario.php(22): CodeIgniter\Database\BaseBuilder->insert(Array)
#5 C:\xampp\htdocs\Smark Chemicals\Smark-Chemicals\system\Database\Seeder.php(146): App\Database\Seeds\Usuario->run()
#6 C:\xampp\htdocs\Smark Chemicals\Smark-Chemicals\system\Commands\Database\Seed.php(77): CodeIgniter\Database\Seeder->call('App\\Database\\Se...')
#7 C:\xampp\htdocs\Smark Chemicals\Smark-Chemicals\system\CLI\Commands.php(65): CodeIgniter\Commands\Database\Seed->run(Array)
#8 C:\xampp\htdocs\Smark Chemicals\Smark-Chemicals\system\CLI\Console.php(37): CodeIgniter\CLI\Commands->run('db:seed', Array)
#9 C:\xampp\htdocs\Smark Chemicals\Smark-Chemicals\spark(102): CodeIgniter\CLI\Console->run()
#10 {main}
ERROR - 2023-12-05 06:38:14 --> mysqli_sql_exception: Table 'smarkchemicals.t_usuario' doesn't exist in C:\xampp\htdocs\Smark Chemicals\Smark-Chemicals\system\Database\MySQLi\Connection.php:306
Stack trace:
#0 C:\xampp\htdocs\Smark Chemicals\Smark-Chemicals\system\Database\MySQLi\Connection.php(306): mysqli->query('INSERT INTO `t_...', 0)
#1 C:\xampp\htdocs\Smark Chemicals\Smark-Chemicals\system\Database\BaseConnection.php(692): CodeIgniter\Database\MySQLi\Connection->execute('INSERT INTO `t_...')
#2 C:\xampp\htdocs\Smark Chemicals\Smark-Chemicals\system\Database\BaseConnection.php(606): CodeIgniter\Database\BaseConnection->simpleQuery('INSERT INTO `t_...')
#3 C:\xampp\htdocs\Smark Chemicals\Smark-Chemicals\system\Database\BaseBuilder.php(2308): CodeIgniter\Database\BaseConnection->query('INSERT INTO `t_...', Array, false)
#4 C:\xampp\htdocs\Smark Chemicals\Smark-Chemicals\app\Database\Seeds\Usuario.php(22): CodeIgniter\Database\BaseBuilder->insert(Array)
#5 C:\xampp\htdocs\Smark Chemicals\Smark-Chemicals\system\Database\Seeder.php(146): App\Database\Seeds\Usuario->run()
#6 C:\xampp\htdocs\Smark Chemicals\Smark-Chemicals\system\Commands\Database\Seed.php(77): CodeIgniter\Database\Seeder->call('App\\Database\\Se...')
#7 C:\xampp\htdocs\Smark Chemicals\Smark-Chemicals\system\CLI\Commands.php(65): CodeIgniter\Commands\Database\Seed->run(Array)
#8 C:\xampp\htdocs\Smark Chemicals\Smark-Chemicals\system\CLI\Console.php(37): CodeIgniter\CLI\Commands->run('db:seed', Array)
#9 C:\xampp\htdocs\Smark Chemicals\Smark-Chemicals\spark(102): CodeIgniter\CLI\Console->run()
#10 {main}
ERROR - 2023-12-05 06:38:20 --> mysqli_sql_exception: Table 'smarkchemicals.t_usuario' doesn't exist in C:\xampp\htdocs\Smark Chemicals\Smark-Chemicals\system\Database\MySQLi\Connection.php:306
Stack trace:
#0 C:\xampp\htdocs\Smark Chemicals\Smark-Chemicals\system\Database\MySQLi\Connection.php(306): mysqli->query('INSERT INTO `t_...', 0)
#1 C:\xampp\htdocs\Smark Chemicals\Smark-Chemicals\system\Database\BaseConnection.php(692): CodeIgniter\Database\MySQLi\Connection->execute('INSERT INTO `t_...')
#2 C:\xampp\htdocs\Smark Chemicals\Smark-Chemicals\system\Database\BaseConnection.php(606): CodeIgniter\Database\BaseConnection->simpleQuery('INSERT INTO `t_...')
#3 C:\xampp\htdocs\Smark Chemicals\Smark-Chemicals\system\Database\BaseBuilder.php(2308): CodeIgniter\Database\BaseConnection->query('INSERT INTO `t_...', Array, false)
#4 C:\xampp\htdocs\Smark Chemicals\Smark-Chemicals\app\Database\Seeds\Usuario.php(22): CodeIgniter\Database\BaseBuilder->insert(Array)
#5 C:\xampp\htdocs\Smark Chemicals\Smark-Chemicals\system\Database\Seeder.php(146): App\Database\Seeds\Usuario->run()
#6 C:\xampp\htdocs\Smark Chemicals\Smark-Chemicals\system\Commands\Database\Seed.php(77): CodeIgniter\Database\Seeder->call('App\\Database\\Se...')
#7 C:\xampp\htdocs\Smark Chemicals\Smark-Chemicals\system\CLI\Commands.php(65): CodeIgniter\Commands\Database\Seed->run(Array)
#8 C:\xampp\htdocs\Smark Chemicals\Smark-Chemicals\system\CLI\Console.php(37): CodeIgniter\CLI\Commands->run('db:seed', Array)
#9 C:\xampp\htdocs\Smark Chemicals\Smark-Chemicals\spark(102): CodeIgniter\CLI\Console->run()
#10 {main}
INFO - 2023-12-05 06:40:54 --> Session: Class initialized using 'CodeIgniter\Session\Handlers\FileHandler' driver.
INFO - 2023-12-05 06:40:55 --> Session: Class initialized using 'CodeIgniter\Session\Handlers\FileHandler' driver.
INFO - 2023-12-05 06:41:01 --> Session: Class initialized using 'CodeIgniter\Session\Handlers\FileHandler' driver.
INFO - 2023-12-05 06:41:01 --> Session: Class initialized using 'CodeIgniter\Session\Handlers\FileHandler' driver.
INFO - 2023-12-05 06:41:08 --> Session: Class initialized using 'CodeIgniter\Session\Handlers\FileHandler' driver.
INFO - 2023-12-05 06:41:08 --> Session: Class initialized using 'CodeIgniter\Session\Handlers\FileHandler' driver.
INFO - 2023-12-05 06:41:43 --> Session: Class initialized using 'CodeIgniter\Session\Handlers\FileHandler' driver.
INFO - 2023-12-05 06:44:20 --> Session: Class initialized using 'CodeIgniter\Session\Handlers\FileHandler' driver.
INFO - 2023-12-05 06:44:21 --> Session: Class initialized using 'CodeIgniter\Session\Handlers\FileHandler' driver.
INFO - 2023-12-05 06:44:38 --> Session: Class initialized using 'CodeIgniter\Session\Handlers\FileHandler' driver.
INFO - 2023-12-05 06:44:38 --> Session: Class initialized using 'CodeIgniter\Session\Handlers\FileHandler' driver.
INFO - 2023-12-05 06:44:47 --> Session: Class initialized using 'CodeIgniter\Session\Handlers\FileHandler' driver.
INFO - 2023-12-05 06:45:05 --> Session: Class initialized using 'CodeIgniter\Session\Handlers\FileHandler' driver.
INFO - 2023-12-05 06:46:30 --> Session: Class initialized using 'CodeIgniter\Session\Handlers\FileHandler' driver.
INFO - 2023-12-05 06:48:35 --> Session: Class initialized using 'CodeIgniter\Session\Handlers\FileHandler' driver.
INFO - 2023-12-05 06:48:36 --> Session: Class initialized using 'CodeIgniter\Session\Handlers\FileHandler' driver.
INFO - 2023-12-05 06:48:53 --> Session: Class initialized using 'CodeIgniter\Session\Handlers\FileHandler' driver.
INFO - 2023-12-05 06:52:20 --> Session: Class initialized using 'CodeIgniter\Session\Handlers\FileHandler' driver.
INFO - 2023-12-05 06:52:36 --> Session: Class initialized using 'CodeIgniter\Session\Handlers\FileHandler' driver.
INFO - 2023-12-05 06:57:17 --> Session: Class initialized using 'CodeIgniter\Session\Handlers\FileHandler' driver.
INFO - 2023-12-05 06:58:03 --> Session: Class initialized using 'CodeIgniter\Session\Handlers\FileHandler' driver.
INFO - 2023-12-05 06:58:04 --> Session: Class initialized using 'CodeIgniter\Session\Handlers\FileHandler' driver.
INFO - 2023-12-05 06:58:18 --> Session: Class initialized using 'CodeIgniter\Session\Handlers\FileHandler' driver.
INFO - 2023-12-05 07:01:48 --> Session: Class initialized using 'CodeIgniter\Session\Handlers\FileHandler' driver.
CRITICAL - 2023-12-05 07:02:09 --> count(): Argument #1 ($value) must be of type Countable|array, stdClass given
in APPPATH\Controllers\Home.php on line 32.
 1 APPPATH\Controllers\Home.php(32): count(Object(stdClass))
 2 SYSTEMPATH\CodeIgniter.php(919): App\Controllers\Home->index()
 3 SYSTEMPATH\CodeIgniter.php(494): CodeIgniter\CodeIgniter->runController(Object(App\Controllers\Home))
 4 SYSTEMPATH\CodeIgniter.php(353): CodeIgniter\CodeIgniter->handleRequest(null, Object(Config\Cache), false)
 5 FCPATH\index.php(79): CodeIgniter\CodeIgniter->run()
 6 SYSTEMPATH\Commands\Server\rewrite.php(47): require_once('C:\\xampp\\htdocs\\Smark Chemicals\\Smark-Chemicals\\public\\index.php')
CRITICAL - 2023-12-05 07:03:24 --> count(): Argument #1 ($value) must be of type Countable|array, stdClass given
in APPPATH\Controllers\Home.php on line 32.
 1 APPPATH\Controllers\Home.php(32): count(Object(stdClass))
 2 SYSTEMPATH\CodeIgniter.php(919): App\Controllers\Home->index()
 3 SYSTEMPATH\CodeIgniter.php(494): CodeIgniter\CodeIgniter->runController(Object(App\Controllers\Home))
 4 SYSTEMPATH\CodeIgniter.php(353): CodeIgniter\CodeIgniter->handleRequest(null, Object(Config\Cache), false)
 5 FCPATH\index.php(79): CodeIgniter\CodeIgniter->run()
 6 SYSTEMPATH\Commands\Server\rewrite.php(47): require_once('C:\\xampp\\htdocs\\Smark Chemicals\\Smark-Chemicals\\public\\index.php')
CRITICAL - 2023-12-05 07:05:29 --> count(): Argument #1 ($value) must be of type Countable|array, stdClass given
in APPPATH\Controllers\Home.php on line 32.
 1 APPPATH\Controllers\Home.php(32): count(Object(stdClass))
 2 SYSTEMPATH\CodeIgniter.php(919): App\Controllers\Home->index()
 3 SYSTEMPATH\CodeIgniter.php(494): CodeIgniter\CodeIgniter->runController(Object(App\Controllers\Home))
 4 SYSTEMPATH\CodeIgniter.php(353): CodeIgniter\CodeIgniter->handleRequest(null, Object(Config\Cache), false)
 5 FCPATH\index.php(79): CodeIgniter\CodeIgniter->run()
 6 SYSTEMPATH\Commands\Server\rewrite.php(47): require_once('C:\\xampp\\htdocs\\Smark Chemicals\\Smark-Chemicals\\public\\index.php')
INFO - 2023-12-05 07:06:13 --> Session: Class initialized using 'CodeIgniter\Session\Handlers\FileHandler' driver.
INFO - 2023-12-05 07:06:13 --> Session: Class initialized using 'CodeIgniter\Session\Handlers\FileHandler' driver.
INFO - 2023-12-05 07:08:25 --> Session: Class initialized using 'CodeIgniter\Session\Handlers\FileHandler' driver.
INFO - 2023-12-05 07:08:30 --> Session: Class initialized using 'CodeIgniter\Session\Handlers\FileHandler' driver.
INFO - 2023-12-05 07:21:23 --> Session: Class initialized using 'CodeIgniter\Session\Handlers\FileHandler' driver.
INFO - 2023-12-05 07:21:28 --> Session: Class initialized using 'CodeIgniter\Session\Handlers\FileHandler' driver.
