CRITICAL - 2023-11-14 16:35:39 --> Undefined variable $proveedores
in APPPATH\Views\Admin\producto\agregar.php on line 25.
 1 APPPATH\Views\Admin\producto\agregar.php(25): CodeIgniter\Debug\Exceptions->errorHandler(2, 'Undefined variable $proveedores', 'C:\\xampp\\htdocs\\ProjectoFinal23\\app\\Views\\Admin\\producto\\agregar.php', 25)
 2 SYSTEMPATH\View\View.php(226): include('C:\\xampp\\htdocs\\ProjectoFinal23\\app\\Views\\Admin\\producto\\agregar.php')
 3 SYSTEMPATH\View\View.php(229): CodeIgniter\View\View->CodeIgniter\View\{closure}()
 4 SYSTEMPATH\Common.php(1188): CodeIgniter\View\View->render('Admin/producto/agregar', [...], true)
 5 APPPATH\Controllers\Producto.php(42): view('Admin/producto/agregar', [...], [...])
 6 SYSTEMPATH\CodeIgniter.php(919): App\Controllers\Producto->agregar()
 7 SYSTEMPATH\CodeIgniter.php(494): CodeIgniter\CodeIgniter->runController(Object(App\Controllers\Producto))
 8 SYSTEMPATH\CodeIgniter.php(353): CodeIgniter\CodeIgniter->handleRequest(null, Object(Config\Cache), false)
 9 FCPATH\index.php(79): CodeIgniter\CodeIgniter->run()
10 SYSTEMPATH\Commands\Server\rewrite.php(47): require_once('C:\\xampp\\htdocs\\ProjectoFinal23\\public\\index.php')
CRITICAL - 2023-11-14 16:44:16 --> Call to a member function findAll() on null
in APPPATH\Controllers\Producto.php on line 29.
 1 SYSTEMPATH\CodeIgniter.php(919): App\Controllers\Producto->agregar()
 2 SYSTEMPATH\CodeIgniter.php(494): CodeIgniter\CodeIgniter->runController(Object(App\Controllers\Producto))
 3 SYSTEMPATH\CodeIgniter.php(353): CodeIgniter\CodeIgniter->handleRequest(null, Object(Config\Cache), false)
 4 FCPATH\index.php(79): CodeIgniter\CodeIgniter->run()
 5 SYSTEMPATH\Commands\Server\rewrite.php(47): require_once('C:\\xampp\\htdocs\\ProjectoFinal23\\public\\index.php')
CRITICAL - 2023-11-14 16:51:47 --> Call to a member function findAll() on null
in APPPATH\Controllers\Producto.php on line 29.
 1 SYSTEMPATH\CodeIgniter.php(919): App\Controllers\Producto->agregar()
 2 SYSTEMPATH\CodeIgniter.php(494): CodeIgniter\CodeIgniter->runController(Object(App\Controllers\Producto))
 3 SYSTEMPATH\CodeIgniter.php(353): CodeIgniter\CodeIgniter->handleRequest(null, Object(Config\Cache), false)
 4 FCPATH\index.php(79): CodeIgniter\CodeIgniter->run()
 5 SYSTEMPATH\Commands\Server\rewrite.php(47): require_once('C:\\xampp\\htdocs\\ProjectoFinal23\\public\\index.php')
CRITICAL - 2023-11-14 17:25:34 --> Call to a member function findAll() on null
in APPPATH\Controllers\Producto.php on line 29.
 1 SYSTEMPATH\CodeIgniter.php(919): App\Controllers\Producto->agregar()
 2 SYSTEMPATH\CodeIgniter.php(494): CodeIgniter\CodeIgniter->runController(Object(App\Controllers\Producto))
 3 SYSTEMPATH\CodeIgniter.php(353): CodeIgniter\CodeIgniter->handleRequest(null, Object(Config\Cache), false)
 4 FCPATH\index.php(79): CodeIgniter\CodeIgniter->run()
 5 SYSTEMPATH\Commands\Server\rewrite.php(47): require_once('C:\\xampp\\htdocs\\ProjectoFinal23\\public\\index.php')
