CRITICAL - 2023-11-16 04:55:56 --> Undefined property: stdClass::$id
in APPPATH\Views\Admin\cliente\mostrar.php on line 62.
 1 APPPATH\Views\Admin\cliente\mostrar.php(62): CodeIgniter\Debug\Exceptions->errorHandler(2, 'Undefined property: stdClass::$id', 'C:\\xampp\\htdocs\\ProjectoFinal23\\app\\Views\\Admin\\cliente\\mostrar.php', 62)
 2 SYSTEMPATH\View\View.php(226): include('C:\\xampp\\htdocs\\ProjectoFinal23\\app\\Views\\Admin\\cliente\\mostrar.php')
 3 SYSTEMPATH\View\View.php(229): CodeIgniter\View\View->CodeIgniter\View\{closure}()
 4 SYSTEMPATH\Common.php(1188): CodeIgniter\View\View->render('Admin/cliente/mostrar', [], true)
 5 APPPATH\Controllers\Clientes.php(19): view('Admin/cliente/mostrar', [...])
 6 SYSTEMPATH\CodeIgniter.php(919): App\Controllers\Clientes->mostrar()
 7 SYSTEMPATH\CodeIgniter.php(494): CodeIgniter\CodeIgniter->runController(Object(App\Controllers\Clientes))
 8 SYSTEMPATH\CodeIgniter.php(353): CodeIgniter\CodeIgniter->handleRequest(null, Object(Config\Cache), false)
 9 FCPATH\index.php(79): CodeIgniter\CodeIgniter->run()
10 SYSTEMPATH\Commands\Server\rewrite.php(47): require_once('C:\\xampp\\htdocs\\ProjectoFinal23\\public\\index.php')
CRITICAL - 2023-11-16 16:43:58 --> Invalid file: "Admin/compras/mostrar.php"
in SYSTEMPATH\Exceptions\FrameworkException.php on line 39.
 1 SYSTEMPATH\View\View.php(214): CodeIgniter\Exceptions\FrameworkException::forInvalidFile('Admin/compras/mostrar.php')
 2 SYSTEMPATH\Common.php(1188): CodeIgniter\View\View->render('Admin/compras/mostrar', [], true)
 3 APPPATH\Controllers\Compras.php(19): view('Admin/compras/mostrar', [...])
 4 SYSTEMPATH\CodeIgniter.php(919): App\Controllers\Compras->mostrar()
 5 SYSTEMPATH\CodeIgniter.php(494): CodeIgniter\CodeIgniter->runController(Object(App\Controllers\Compras))
 6 SYSTEMPATH\CodeIgniter.php(353): CodeIgniter\CodeIgniter->handleRequest(null, Object(Config\Cache), false)
 7 FCPATH\index.php(79): CodeIgniter\CodeIgniter->run()
 8 SYSTEMPATH\Commands\Server\rewrite.php(47): require_once('C:\\xampp\\htdocs\\ProjectoFinal23\\public\\index.php')
CRITICAL - 2023-11-16 17:29:12 --> Undefined variable $clientes
in APPPATH\Views\Admin\cliente\buscar.php on line 102.
 1 APPPATH\Views\Admin\cliente\buscar.php(102): CodeIgniter\Debug\Exceptions->errorHandler(2, 'Undefined variable $clientes', 'C:\\xampp\\htdocs\\ProjectoFinal23\\app\\Views\\Admin\\cliente\\buscar.php', 102)
 2 SYSTEMPATH\View\View.php(226): include('C:\\xampp\\htdocs\\ProjectoFinal23\\app\\Views\\Admin\\cliente\\buscar.php')
 3 SYSTEMPATH\View\View.php(229): CodeIgniter\View\View->CodeIgniter\View\{closure}()
 4 SYSTEMPATH\Common.php(1188): CodeIgniter\View\View->render('Admin/cliente/buscar', [], true)
 5 APPPATH\Controllers\Clientes.php(102): view('Admin/cliente/buscar', [...])
 6 SYSTEMPATH\CodeIgniter.php(919): App\Controllers\Clientes->buscar()
 7 SYSTEMPATH\CodeIgniter.php(494): CodeIgniter\CodeIgniter->runController(Object(App\Controllers\Clientes))
 8 SYSTEMPATH\CodeIgniter.php(353): CodeIgniter\CodeIgniter->handleRequest(null, Object(Config\Cache), false)
 9 FCPATH\index.php(79): CodeIgniter\CodeIgniter->run()
10 SYSTEMPATH\Commands\Server\rewrite.php(47): require_once('C:\\xampp\\htdocs\\ProjectoFinal23\\public\\index.php')
CRITICAL - 2023-11-16 17:49:01 --> Undefined variable $clientes
in APPPATH\Views\Admin\producto\buscar.php on line 151.
 1 APPPATH\Views\Admin\producto\buscar.php(151): CodeIgniter\Debug\Exceptions->errorHandler(2, 'Undefined variable $clientes', 'C:\\xampp\\htdocs\\ProjectoFinal23\\app\\Views\\Admin\\producto\\buscar.php', 151)
 2 SYSTEMPATH\View\View.php(226): include('C:\\xampp\\htdocs\\ProjectoFinal23\\app\\Views\\Admin\\producto\\buscar.php')
 3 SYSTEMPATH\View\View.php(229): CodeIgniter\View\View->CodeIgniter\View\{closure}()
 4 SYSTEMPATH\Common.php(1188): CodeIgniter\View\View->render('Admin/producto/buscar', [], true)
 5 APPPATH\Controllers\Producto.php(120): view('Admin/producto/buscar', [...])
 6 SYSTEMPATH\CodeIgniter.php(919): App\Controllers\Producto->buscar()
 7 SYSTEMPATH\CodeIgniter.php(494): CodeIgniter\CodeIgniter->runController(Object(App\Controllers\Producto))
 8 SYSTEMPATH\CodeIgniter.php(353): CodeIgniter\CodeIgniter->handleRequest(null, Object(Config\Cache), false)
 9 FCPATH\index.php(79): CodeIgniter\CodeIgniter->run()
10 SYSTEMPATH\Commands\Server\rewrite.php(47): require_once('C:\\xampp\\htdocs\\ProjectoFinal23\\public\\index.php')
